[debug] [2026-01-18T22:06:22.937Z] ----------------------------------------------------------------------
[debug] [2026-01-18T22:06:22.941Z] Command:       /home/jwpaisley/.nvm/versions/node/v24.11.1/bin/node /home/jwpaisley/.nvm/versions/node/v24.11.1/bin/firebase init hosting:github
[debug] [2026-01-18T22:06:22.941Z] CLI Version:   15.3.1
[debug] [2026-01-18T22:06:22.942Z] Platform:      linux
[debug] [2026-01-18T22:06:22.942Z] Node Version:  v24.11.1
[debug] [2026-01-18T22:06:22.942Z] Time:          Sun Jan 18 2026 14:06:22 GMT-0800 (Pacific Standard Time)
[debug] [2026-01-18T22:06:22.943Z] ----------------------------------------------------------------------
[debug] 
[info] 
     ######## #### ########  ######## ########     ###     ######  ########
     ##        ##  ##     ## ##       ##     ##  ##   ##  ##       ##
     ######    ##  ########  ######   ########  #########  ######  ######
     ##        ##  ##    ##  ##       ##     ## ##     ##       ## ##
     ##       #### ##     ## ######## ########  ##     ##  ######  ########

You're about to initialize a Firebase project in this directory:

  /home/jwpaisley/projects/jwpaisley

Before we get started, keep in mind:

  * You are initializing within an existing Firebase project directory

[info] 
=== Project Setup
[info] 
[info] First, let's associate this project directory with a Firebase project.
[info] You can create multiple project aliases by running firebase use --add, 
[info] 
[debug] [2026-01-18T22:06:24.612Z] > command requires scopes: ["email","openid","https://www.googleapis.com/auth/cloudplatformprojects.readonly","https://www.googleapis.com/auth/firebase","https://www.googleapis.com/auth/cloud-platform"]
[debug] [2026-01-18T22:06:24.613Z] > authorizing via signed-in user (jacobpaisley97@gmail.com)
[debug] [2026-01-18T22:06:24.614Z] Checked if tokens are valid: true, expires at: 1768777438388
[debug] [2026-01-18T22:06:24.614Z] Checked if tokens are valid: true, expires at: 1768777438388
[debug] [2026-01-18T22:06:24.616Z] >>> [apiv2][query] GET https://firebase.googleapis.com/v1beta1/projects/symbolic-card-237119 [none]
[debug] [2026-01-18T22:06:24.887Z] <<< [apiv2][status] GET https://firebase.googleapis.com/v1beta1/projects/symbolic-card-237119 200
[debug] [2026-01-18T22:06:24.888Z] <<< [apiv2][body] GET https://firebase.googleapis.com/v1beta1/projects/symbolic-card-237119 {"projectId":"symbolic-card-237119","projectNumber":"199559159303","displayName":"Personal Projects","name":"projects/symbolic-card-237119","resources":{"hostingSite":"symbolic-card-237119"},"state":"ACTIVE","etag":"1_8298682d-df59-4762-9396-0fa4dd70bfc3"}
[info] i  Using project symbolic-card-237119 (Personal Projects) . 
[info] 
=== Hosting:github Setup
[info] 
[info] i  Detected a .git folder at /home/jwpaisley/projects/jwpaisley 
[info] i  Authorizing with GitHub to upload your service account to a GitHub repository's secrets store. 
[info] 
[info] Visit this URL on this device to log in:
[info] https://github.com/login/oauth/authorize?client_id=89cf50f02ac6aaed3484&state=279200548&redirect_uri=http%3A%2F%2Flocalhost%3A9005&scope=read%3Auser%20repo%20public_repo
[info] 
[info] Waiting for authentication...
[debug] [2026-01-18T22:06:30.489Z] >>> [apiv2][query] POST https://github.com/login/oauth/access_token [none]
[debug] [2026-01-18T22:06:30.490Z] >>> [apiv2][body] POST https://github.com/login/oauth/access_token [stream]
[debug] [2026-01-18T22:06:31.099Z] <<< [apiv2][status] POST https://github.com/login/oauth/access_token 200
[debug] [2026-01-18T22:06:31.099Z] <<< [apiv2][body] POST https://github.com/login/oauth/access_token {"access_token":"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","token_type":"bearer","scope":"read:user,repo"}
[debug] [2026-01-18T22:06:31.113Z] >>> [apiv2][query] GET https://api.github.com/user [none]
[debug] [2026-01-18T22:06:31.638Z] <<< [apiv2][status] GET https://api.github.com/user 200
[debug] [2026-01-18T22:06:31.639Z] <<< [apiv2][body] GET https://api.github.com/user {"login":"jwpaisley","id":10035275,"node_id":"MDQ6VXNlcjEwMDM1Mjc1","avatar_url":"https://avatars.githubusercontent.com/u/10035275?v=4","gravatar_id":"","url":"https://api.github.com/users/jwpaisley","html_url":"https://github.com/jwpaisley","followers_url":"https://api.github.com/users/jwpaisley/followers","following_url":"https://api.github.com/users/jwpaisley/following{/other_user}","gists_url":"https://api.github.com/users/jwpaisley/gists{/gist_id}","starred_url":"https://api.github.com/users/jwpaisley/starred{/owner}{/repo}","subscriptions_url":"https://api.github.com/users/jwpaisley/subscriptions","organizations_url":"https://api.github.com/users/jwpaisley/orgs","repos_url":"https://api.github.com/users/jwpaisley/repos","events_url":"https://api.github.com/users/jwpaisley/events{/privacy}","received_events_url":"https://api.github.com/users/jwpaisley/received_events","type":"User","user_view_type":"private","site_admin":false,"name":"Jacob Paisley","company":"@google","blog":"http://www.jwpaisley.com/","location":"San Francisco, CA","email":null,"hireable":true,"bio":"Software Engineer at Google Cloud Vertex AI","twitter_username":null,"notification_email":null,"public_repos":5,"public_gists":0,"followers":13,"following":14,"created_at":"2014-12-01T18:46:35Z","updated_at":"2025-12-03T04:09:50Z","private_gists":1,"total_private_repos":22,"owned_private_repos":22,"disk_usage":307855,"collaborators":10,"two_factor_authentication":true,"plan":{"name":"pro","space":976562499,"collaborators":0,"private_repos":9999}}
[info] 
[info] ✔  Success! Logged into GitHub as jwpaisley 
[info] 
[debug] [2026-01-18T22:06:37.924Z] ExitPromptError: User force closed the prompt with SIGINT
    at Interface.sigint (/home/jwpaisley/.nvm/versions/node/v24.11.1/lib/node_modules/firebase-tools/node_modules/@inquirer/core/dist/commonjs/lib/create-prompt.js:101:37)
    at Interface.emit (node:events:508:28)
    at [_ttyWrite] [as _ttyWrite] (node:internal/readline/interface:1317:18)
    at ReadStream.onkeypress (node:internal/readline/interface:284:20)
    at ReadStream.emit (node:events:520:35)
    at emitKeys (node:internal/readline/utils:371:14)
    at emitKeys.next (<anonymous>)
    at ReadStream.onData (node:internal/readline/emitKeypressEvents:64:36)
    at ReadStream.emit (node:events:508:28)
    at addChunk (node:internal/streams/readable:559:12)
[error] 
[error] Error: An unexpected error has occurred.
