0 info it worked if it ends with ok
1 verbose cli [ '/usr/bin/nodejs', '/usr/bin/npm', 'start' ]
2 info using npm@3.5.2
3 info using node@v4.2.6
4 verbose run-script [ 'prestart', 'start', 'poststart' ]
5 info lifecycle jwpaisley@~prestart: jwpaisley@
6 silly lifecycle jwpaisley@~prestart: no script for prestart, continuing
7 info lifecycle jwpaisley@~start: jwpaisley@
8 verbose lifecycle jwpaisley@~start: unsafe-perm in lifecycle true
9 verbose lifecycle jwpaisley@~start: PATH: /usr/share/npm/bin/node-gyp-bin:/mnt/c/Users/jacob/Desktop/Projects/muthetatau.org/node_modules/.bin:/home/jwpaisley/bin:/home/jwpaisley/.local/bin:/usr/local/sbin:/usr/local/bin:/usr/sbin:/usr/bin:/sbin:/bin:/usr/games:/usr/local/games:/mnt/c/Windows/System32:/mnt/c/Windows:/mnt/c/Windows/System32/wbem:/mnt/c/Windows/System32/WindowsPowerShell/v1.0:/mnt/c/Users/jacob/AppData/Local/Microsoft/WindowsApps:/mnt/c/Users/jacob/AppData/Local/atom/bin:/snap/bin
10 verbose lifecycle jwpaisley@~start: CWD: /mnt/c/Users/jacob/Desktop/Projects/muthetatau.org
11 silly lifecycle jwpaisley@~start: Args: [ '-c', 'scripts/startup.sh' ]
12 silly lifecycle jwpaisley@~start: Returned: code: 1  signal: null
13 info lifecycle jwpaisley@~start: Failed to exec start script
14 verbose stack Error: jwpaisley@ start: `scripts/startup.sh`
14 verbose stack Exit status 1
14 verbose stack     at EventEmitter.<anonymous> (/usr/share/npm/lib/utils/lifecycle.js:232:16)
14 verbose stack     at emitTwo (events.js:87:13)
14 verbose stack     at EventEmitter.emit (events.js:172:7)
14 verbose stack     at ChildProcess.<anonymous> (/usr/share/npm/lib/utils/spawn.js:24:14)
14 verbose stack     at emitTwo (events.js:87:13)
14 verbose stack     at ChildProcess.emit (events.js:172:7)
14 verbose stack     at maybeClose (internal/child_process.js:821:16)
14 verbose stack     at Process.ChildProcess._handle.onexit (internal/child_process.js:211:5)
15 verbose pkgid jwpaisley@
16 verbose cwd /mnt/c/Users/jacob/Desktop/Projects/muthetatau.org
17 error Linux 4.4.0-43-Microsoft
18 error argv "/usr/bin/nodejs" "/usr/bin/npm" "start"
19 error node v4.2.6
20 error npm  v3.5.2
21 error code ELIFECYCLE
22 error jwpaisley@ start: `scripts/startup.sh`
22 error Exit status 1
23 error Failed at the jwpaisley@ start script 'scripts/startup.sh'.
23 error Make sure you have the latest version of node.js and npm installed.
23 error If you do, this is most likely a problem with the jwpaisley package,
23 error not with npm itself.
23 error Tell the author that this fails on your system:
23 error     scripts/startup.sh
23 error You can get information on how to open an issue for this project with:
23 error     npm bugs jwpaisley
23 error Or if that isn't available, you can get their info via:
23 error     npm owner ls jwpaisley
23 error There is likely additional logging output above.
24 verbose exit [ 1, true ]
