2016-9-1 9:22:55 [INFO] The application for jwpaisley.com has restarted.
2016-9-1 9:23:03 [INFO] A user has connected to the site.
2016-9-1 9:23:22 [INFO] A user has disconnected from the site.
2016-9-1 9:23:22 [INFO] A user has connected to the site.
2016-9-1 9:23:26 [INFO] A user has disconnected from the site.
2016-9-1 9:23:26 [INFO] A user has connected to the site.
2016-9-1 9:23:28 [INFO] A user has disconnected from the site.
2016-9-1 9:23:28 [INFO] A user has connected to the site.
2016-9-1 9:23:37 [INFO] A user has disconnected from the site.
2016-9-1 9:23:37 [INFO] A user has connected to the site.
2016-9-1 9:23:39 [INFO] A user has disconnected from the site.
2016-9-1 9:23:39 [INFO] A user has connected to the site.
2016-9-1 9:23:43 [INFO] A user has disconnected from the site.
2016-9-1 9:23:43 [INFO] A user has connected to the site.
2016-9-1 9:23:44 [INFO] A user has disconnected from the site.
2016-9-1 9:23:44 [INFO] A user has connected to the site.
2016-9-1 9:35:10 [INFO] The application for jwpaisley.com has restarted.
2016-9-1 9:35:10 [INFO] A user has connected to the site.
2016-9-1 9:35:19 [INFO] Email with subject "Message from test at test" was sent to contact@jwpaisley.com.
2016-9-1 9:35:56 [INFO] A user has disconnected from the site.
2016-9-1 12:29:00 [INFO] The application for jwpaisley.com has restarted.
2016-9-1 12:29:07 [INFO] A user has connected to the site.
2016-9-1 12:29:10 [INFO] A user has disconnected from the site.
2016-9-1 12:29:10 [INFO] A user has connected to the site.
2016-9-1 12:29:34 [INFO] A user has disconnected from the site.
2016-9-1 12:29:34 [INFO] A user has connected to the site.
2016-9-1 12:29:36 [INFO] A user has disconnected from the site.
2016-9-1 12:29:36 [INFO] A user has connected to the site.
2016-9-1 12:29:38 [INFO] A user has disconnected from the site.
2016-9-1 12:29:38 [INFO] A user has connected to the site.
2016-9-1 12:29:45 [INFO] A user has disconnected from the site.
2016-9-1 12:29:45 [INFO] A user has connected to the site.
2016-9-1 12:29:47 [INFO] A user has disconnected from the site.
2016-9-1 12:29:47 [INFO] A user has connected to the site.
2016-9-1 12:33:38 [INFO] A user has disconnected from the site.
2016-9-1 12:33:38 [INFO] A user has connected to the site.
2016-9-1 12:34:08 [INFO] A user has disconnected from the site.
2016-9-1 12:34:08 [INFO] A user has connected to the site.
2016-9-1 12:38:05 [INFO] The application for jwpaisley.com has restarted.
2016-9-1 12:38:06 [INFO] A user has connected to the site.
2016-9-1 12:38:09 [INFO] A user has disconnected from the site.
2016-9-1 12:38:09 [INFO] A user has connected to the site.
2016-9-1 12:38:26 [INFO] Email with subject "Message from Name at Company" was sent to contact@jwpaisley.com.
2016-9-1 12:41:06 [INFO] A user has disconnected from the site.
2016-9-1 12:41:06 [INFO] A user has connected to the site.
2016-9-1 12:43:18 [INFO] A user has disconnected from the site.
2016-9-1 12:43:18 [INFO] A user has connected to the site.
2016-9-1 12:45:03 [INFO] A user has disconnected from the site.
2016-9-1 12:45:03 [INFO] A user has connected to the site.
2016-9-1 12:46:41 [INFO] A user has disconnected from the site.
2016-9-1 12:46:42 [INFO] A user has connected to the site.
2016-9-1 12:46:49 [INFO] A user has disconnected from the site.
2016-9-1 12:46:49 [INFO] A user has connected to the site.
2016-9-1 12:47:03 [INFO] A user has disconnected from the site.
2016-9-1 12:47:03 [INFO] A user has connected to the site.
2016-9-1 12:47:13 [INFO] A user has disconnected from the site.
2016-9-1 12:47:13 [INFO] A user has connected to the site.
2016-9-1 12:47:14 [INFO] A user has disconnected from the site.
2016-9-1 12:47:15 [INFO] A user has connected to the site.
2016-9-1 12:47:52 [INFO] A user has disconnected from the site.
2016-9-1 12:47:52 [INFO] A user has connected to the site.
2016-9-1 12:48:03 [INFO] A user has disconnected from the site.
2016-9-1 12:48:03 [INFO] A user has connected to the site.
2016-9-1 12:48:43 [INFO] A user has disconnected from the site.
2016-9-1 12:48:43 [INFO] A user has connected to the site.
2016-9-1 12:48:44 [INFO] A user has disconnected from the site.
2016-9-1 12:48:44 [INFO] A user has connected to the site.
2016-9-1 12:49:18 [INFO] A user has disconnected from the site.
2016-9-1 12:49:18 [INFO] A user has connected to the site.
2016-9-1 12:49:22 [INFO] A user has disconnected from the site.
2016-9-1 12:49:22 [INFO] A user has connected to the site.
2016-9-1 12:49:31 [INFO] A user has disconnected from the site.
2016-9-1 12:49:31 [INFO] A user has connected to the site.
2016-9-1 12:49:38 [INFO] A user has disconnected from the site.
2016-9-1 12:49:38 [INFO] A user has connected to the site.
2016-9-1 12:49:42 [INFO] A user has disconnected from the site.
2016-9-1 12:49:42 [INFO] A user has connected to the site.
2016-9-1 12:50:32 [INFO] A user has disconnected from the site.
2016-9-1 12:50:33 [INFO] A user has connected to the site.
2016-9-1 12:50:59 [INFO] A user has disconnected from the site.
2016-9-1 12:50:59 [INFO] A user has connected to the site.
2016-9-1 12:52:21 [INFO] A user has disconnected from the site.
2016-9-1 12:52:21 [INFO] A user has connected to the site.
2016-9-1 12:52:48 [INFO] A user has disconnected from the site.
2016-9-1 12:52:49 [INFO] A user has connected to the site.
2016-9-1 12:53:03 [INFO] A user has disconnected from the site.
2016-9-1 12:53:03 [INFO] A user has connected to the site.
2016-9-1 12:53:47 [INFO] A user has disconnected from the site.
2016-9-1 12:53:47 [INFO] A user has connected to the site.
2016-9-1 12:53:54 [INFO] A user has disconnected from the site.
2016-9-1 12:53:54 [INFO] A user has connected to the site.
2016-9-1 12:54:27 [INFO] A user has disconnected from the site.
2016-9-1 12:54:27 [INFO] A user has connected to the site.
2016-9-1 12:54:30 [INFO] Email with subject "Message from undefined at undefined" was sent to contact@jwpaisley.com.
2016-9-1 12:57:25 [INFO] A user has disconnected from the site.
2016-9-1 12:57:25 [INFO] A user has connected to the site.
2016-9-1 12:57:51 [INFO] A user has disconnected from the site.
2016-9-1 12:57:51 [INFO] A user has connected to the site.
2016-9-1 12:59:07 [INFO] A user has disconnected from the site.
2016-9-1 12:59:07 [INFO] A user has connected to the site.
2016-9-1 12:59:51 [INFO] A user has disconnected from the site.
2016-9-1 12:59:51 [INFO] A user has connected to the site.
2016-9-1 12:59:52 [INFO] A user has disconnected from the site.
2016-9-1 12:59:52 [INFO] A user has connected to the site.
2016-9-1 12:59:53 [INFO] A user has disconnected from the site.
2016-9-1 12:59:53 [INFO] A user has connected to the site.
2016-9-1 12:59:53 [INFO] A user has disconnected from the site.
2016-9-1 12:59:53 [INFO] A user has connected to the site.
2016-9-1 12:59:53 [INFO] A user has disconnected from the site.
2016-9-1 12:59:53 [INFO] A user has connected to the site.
2016-9-1 12:59:53 [INFO] A user has disconnected from the site.
2016-9-1 12:59:53 [INFO] A user has connected to the site.
2016-9-1 13:00:16 [INFO] A user has disconnected from the site.
2016-9-1 13:00:16 [INFO] A user has connected to the site.
2016-9-1 13:00:47 [INFO] A user has disconnected from the site.
2016-9-1 13:00:47 [INFO] A user has connected to the site.
2016-9-1 13:01:37 [INFO] A user has disconnected from the site.
2016-9-1 13:01:37 [INFO] A user has connected to the site.
2016-9-1 13:02:10 [INFO] A user has disconnected from the site.
2016-9-1 13:02:11 [INFO] A user has connected to the site.
2016-9-1 13:10:39 [INFO] The application for jwpaisley.com has restarted.
2016-9-1 13:10:39 [INFO] A user has connected to the site.
2016-9-1 13:10:49 [INFO] A user has disconnected from the site.
2016-9-1 13:10:49 [INFO] A user has connected to the site.
2016-9-1 13:11:13 [INFO] Email with subject "Contact from Full Name at Company or School" was sent to contact@jwpaisley.com.
2016-9-1 13:12:35 [ERR]  Error: Failed to lookup view "email/contact" in views directory "C:\Users\Jacob Paisley\Desktop\Projects\jwpaisley.com/views"
2016-9-1 13:12:59 [INFO] The application for jwpaisley.com has restarted.
2016-9-1 13:12:59 [INFO] A user has connected to the site.
2016-9-1 13:13:07 [ERR]  Error: Failed to lookup view "email/contact" in views directory "C:\Users\Jacob Paisley\Desktop\Projects\jwpaisley.com/views"
2016-9-1 13:14:59 [INFO] The application for jwpaisley.com has restarted.
2016-9-1 13:14:59 [INFO] A user has connected to the site.
2016-9-1 13:16:07 [INFO] The application for jwpaisley.com has restarted.
2016-9-1 13:16:08 [INFO] A user has connected to the site.
2016-9-1 13:16:14 [ERR]  Error: Failed to lookup view "email/contact" in views directory "C:\Users\Jacob Paisley\Desktop\Projects\jwpaisley.com/views"
2016-9-1 13:16:37 [INFO] The application for jwpaisley.com has restarted.
2016-9-1 13:16:37 [INFO] A user has connected to the site.
2016-9-1 13:16:49 [INFO] Email with subject "Contact from k at k" was sent to contact@jwpaisley.com.
2016-9-1 13:23:45 [INFO] A user has disconnected from the site.
