2016-7-20 7:42:05 [INFO] The application for jwpaisley.com has started.
2016-7-20 7:43:08 [INFO] The application for jwpaisley.com has started.
2016-7-20 7:43:17 [INFO] A user has connected to the site.
2016-7-20 7:43:17 [ERR]  Database file db/53a07ed8f3701f35f517589482366eafe860d5ebb7b9e423fe77/53bf6cdeee560e20fd46 does not exist.
2016-7-20 7:44:15 [INFO] A user has disconnected from the site.
2016-7-20 7:44:15 [INFO] A user has connected to the site.
2016-7-20 7:44:15 [ERR]  Database file db/53a07ed8f3701f35f517589482366eafe860d5ebb7b9e423fe77/53bf6cdeee560e20fd46 does not exist.
2016-7-20 7:48:19 [INFO] The application for jwpaisley.com has started.
2016-7-20 7:48:21 [INFO] A user has connected to the site.
2016-7-20 7:48:28 [INFO] A user has disconnected from the site.
2016-7-20 7:48:28 [INFO] A user has connected to the site.
2016-7-20 7:51:09 [INFO] The application for jwpaisley.com has started.
2016-7-20 7:51:10 [INFO] A user has connected to the site.
2016-7-20 7:51:11 [INFO] A user has disconnected from the site.
2016-7-20 7:51:11 [INFO] A user has connected to the site.
2016-7-20 7:52:13 [INFO] The application for jwpaisley.com has started.
2016-7-20 7:52:13 [INFO] A user has connected to the site.
2016-7-20 7:52:15 [INFO] A user has disconnected from the site.
2016-7-20 7:52:15 [INFO] A user has connected to the site.
2016-7-20 7:52:54 [INFO] The application for jwpaisley.com has started.
2016-7-20 7:52:54 [INFO] A user has connected to the site.
2016-7-20 7:52:59 [INFO] A user has disconnected from the site.
2016-7-20 7:52:59 [INFO] A user has connected to the site.
2016-7-20 7:56:28 [INFO] A user has disconnected from the site.
2016-7-20 7:56:28 [INFO] A user has connected to the site.
2016-7-20 7:59:56 [INFO] The application for jwpaisley.com has started.
2016-7-20 7:59:57 [INFO] A user has connected to the site.
2016-7-20 7:59:58 [INFO] A user has disconnected from the site.
2016-7-20 7:59:59 [INFO] A user has connected to the site.
2016-7-20 7:59:59 [INFO] User accessed userDataJSON at db/1bab7cd4fe620e3def085188c2381988e26cddeef5f4e821/04b97ac9d8731b35
2016-7-20 7:59:59 [INFO] Data accessed: [object Object]
2016-7-20 8:00:39 [INFO] The application for jwpaisley.com has started.
2016-7-20 8:00:39 [INFO] A user has connected to the site.
2016-7-20 8:00:39 [INFO] A user has connected to the site.
2016-7-20 8:00:39 [INFO] User accessed userDataJSON at db/1bab7cd4fe620e3def085188c2381988e26cddeef5f4e821/04b97ac9d8731b35
2016-7-20 8:00:39 [INFO] Data accessed: [object Object]
2016-7-20 8:02:04 [INFO] A user has disconnected from the site.
2016-7-20 8:02:12 [INFO] A user has disconnected from the site.
2016-7-20 8:02:23 [INFO] The application for jwpaisley.com has started.
2016-7-20 8:12:05 [INFO] The application for jwpaisley.com has started.
2016-7-20 8:12:15 [INFO] A user has connected to the site.
2016-7-20 8:12:15 [INFO] User accessed userDataJSON at db/1bab7cd4fe620e3def085188c2381988e26cddeef5f4e821/04b97ac9d8731b35
2016-7-20 8:12:15 [INFO] Data accessed: [object Object]
2016-7-20 8:12:19 [INFO] A user has disconnected from the site.
2016-7-20 8:12:19 [INFO] A user has connected to the site.
2016-7-20 8:12:19 [INFO] Data accessed: [object Object]
2016-7-20 8:12:19 [INFO] User accessed userDataJSON at db/1bab7cd4fe620e3def085188c2381988e26cddeef5f4e821/04b97ac9d8731b35
2016-7-20 8:13:05 [INFO] The application for jwpaisley.com has started.
2016-7-20 8:13:05 [INFO] A user has connected to the site.
2016-7-20 8:13:33 [INFO] The application for jwpaisley.com has started.
2016-7-20 8:13:37 [INFO] A user has connected to the site.
2016-7-20 8:13:37 [INFO] User accessed userDataJSON at db/1bab7cd4fe620e3def085188c2381988e26cddeef5f4e821/04b97ac9d8731b35
2016-7-20 8:21:46 [INFO] The application for jwpaisley.com has started.
2016-7-20 8:21:48 [INFO] A user has connected to the site.
2016-7-20 8:23:26 [INFO] The application for jwpaisley.com has started.
2016-7-20 8:23:27 [INFO] A user has connected to the site.
2016-7-20 8:23:28 [INFO] A user has disconnected from the site.
2016-7-20 8:23:28 [INFO] A user has connected to the site.
2016-7-20 8:23:49 [INFO] The application for jwpaisley.com has started.
2016-7-20 8:23:51 [INFO] A user has connected to the site.
2016-7-20 8:24:02 [INFO] A user has disconnected from the site.
2016-7-20 8:24:02 [INFO] A user has connected to the site.
2016-7-20 8:27:22 [INFO] The application for jwpaisley.com has started.
2016-7-20 8:27:22 [INFO] A user has connected to the site.
2016-7-20 8:27:24 [INFO] A user has disconnected from the site.
2016-7-20 8:27:25 [INFO] A user has connected to the site.
2016-7-20 8:27:25 [INFO] db/1bab7cd4fe620e3def085188c2381988e26cddeef5f4e821/04b97ac9d8731b35
2016-7-20 8:27:25 [INFO] {
    "email": "_email",
    "first_name": "_first_name",
    "last_name": "_last_name",
    "socket": "_socket",
    "index": "_index"
}
2016-7-20 8:29:48 [INFO] The application for jwpaisley.com has started.
2016-7-20 8:29:48 [INFO] A user has connected to the site.
2016-7-20 8:29:49 [INFO] A user has disconnected from the site.
2016-7-20 8:29:50 [INFO] A user has connected to the site.
2016-7-20 8:29:50 [INFO] undefined
2016-7-20 8:29:50 [INFO] db/1bab7cd4fe620e3def085188c2381988e26cddeef5f4e821/04b97ac9d8731b35
2016-7-20 8:29:50 [INFO] {
    "email": "_email",
    "first_name": "_first_name",
    "last_name": "_last_name",
    "socket": "_socket",
    "index": "_index"
}
2016-7-20 8:30:22 [INFO] The application for jwpaisley.com has started.
2016-7-20 8:30:22 [INFO] A user has connected to the site.
2016-7-20 8:30:24 [INFO] A user has disconnected from the site.
2016-7-20 8:30:24 [INFO] A user has connected to the site.
2016-7-20 8:30:24 [INFO] undefined
2016-7-20 8:30:25 [INFO] A user has disconnected from the site.
2016-7-20 8:30:26 [INFO] A user has connected to the site.
2016-7-20 8:30:26 [INFO] undefined
2016-7-20 8:30:26 [INFO] A user has disconnected from the site.
2016-7-20 8:30:26 [INFO] A user has connected to the site.
2016-7-20 8:30:26 [INFO] undefined
2016-7-20 8:30:27 [INFO] A user has disconnected from the site.
2016-7-20 8:30:27 [INFO] A user has connected to the site.
2016-7-20 8:30:27 [INFO] undefined
2016-7-20 8:36:23 [INFO] The application for jwpaisley.com has started.
2016-7-20 8:36:24 [INFO] A user has connected to the site.
2016-7-20 8:36:29 [INFO] A user has disconnected from the site.
2016-7-20 8:36:30 [INFO] A user has connected to the site.
2016-7-20 8:36:30 [INFO] undefined
2016-7-20 8:36:54 [INFO] The application for jwpaisley.com has started.
2016-7-20 8:36:55 [INFO] A user has connected to the site.
2016-7-20 8:36:57 [INFO] A user has disconnected from the site.
2016-7-20 8:36:58 [INFO] A user has connected to the site.
2016-7-20 8:36:58 [INFO] undefined
2016-7-20 8:36:58 [INFO] No read error.
2016-7-20 8:44:13 [INFO] The application for jwpaisley.com has started.
2016-7-20 8:44:13 [INFO] A user has connected to the site.
2016-7-20 8:44:17 [INFO] A user has disconnected from the site.
2016-7-20 8:44:18 [INFO] A user has connected to the site.
2016-7-20 8:44:18 [INFO] {}
2016-7-20 8:44:18 [INFO] db/1bab7cd4fe620e3def085188c2381988e26cddeef5f4e821/04b97ac9d8731b35{
    "email": "_email",
    "first_name": "_first_name",
    "last_name": "_last_name",
    "socket": "_socket",
    "index": "_index"
}
2016-7-20 9:01:56 [INFO] The application for jwpaisley.com has started.
2016-7-20 9:01:56 [INFO] A user has connected to the site.
2016-7-20 9:01:57 [INFO] A user has disconnected from the site.
2016-7-20 9:01:57 [INFO] A user has connected to the site.
2016-7-20 9:01:57 [INFO] undefined
2016-7-20 9:01:57 [INFO] db/1bab7cd4fe620e3def085188c2381988e26cddeef5f4e821/04b97ac9d8731b35{
    "email": "_email",
    "first_name": "_first_name",
    "last_name": "_last_name",
    "socket": "_socket",
    "index": "_index"
}
2016-7-20 9:02:24 [INFO] The application for jwpaisley.com has started.
2016-7-20 9:02:25 [INFO] A user has connected to the site.
2016-7-20 9:02:29 [INFO] A user has disconnected from the site.
2016-7-20 9:02:29 [INFO] A user has connected to the site.
2016-7-20 9:02:29 [INFO] undefined
2016-7-20 9:02:29 [INFO] db/1bab7cd4fe620e3def085188c2381988e26cddeef5f4e821/04b97ac9d8731b35undefined
2016-7-20 9:05:40 [INFO] The application for jwpaisley.com has started.
2016-7-20 9:05:40 [INFO] A user has connected to the site.
2016-7-20 9:05:46 [INFO] A user has disconnected from the site.
2016-7-20 9:05:46 [INFO] A user has connected to the site.
2016-7-20 9:05:46 [INFO] db/1bab7cd4fe620e3def085188c2381988e26cddeef5f4e821/04b97ac9d8731b35{
    "email": "_email",
    "first_name": "_first_name",
    "last_name": "_last_name",
    "socket": "_socket",
    "index": "_index"
}
2016-7-20 9:07:40 [INFO] The application for jwpaisley.com has started.
2016-7-20 9:07:40 [INFO] A user has connected to the site.
2016-7-20 9:07:41 [INFO] A user has disconnected from the site.
2016-7-20 9:07:42 [INFO] A user has connected to the site.
2016-7-20 9:07:42 [INFO] db/1bab7cd4fe620e3def085188c2381988e26cddeef5f4e821/04b97ac9d8731b35{
    "email": "_email",
    "first_name": "_first_name",
    "last_name": "_last_name",
    "socket": "_socket",
    "index": "_index"
}
2016-7-20 9:07:44 [INFO] A user has disconnected from the site.
2016-7-20 9:07:45 [INFO] A user has connected to the site.
2016-7-20 9:07:45 [INFO] db/1bab7cd4fe620e3def085188c2381988e26cddeef5f4e821/04b97ac9d8731b35{
    "email": "_email",
    "first_name": "_first_name",
    "last_name": "_last_name",
    "socket": "_socket",
    "index": "_index"
}
2016-7-20 9:12:20 [INFO] The application for jwpaisley.com has started.
2016-7-20 9:12:21 [INFO] A user has connected to the site.
2016-7-20 9:12:22 [INFO] A user has disconnected from the site.
2016-7-20 9:12:22 [INFO] A user has connected to the site.
2016-7-20 9:12:22 [INFO] db/1bab7cd4fe620e3def085188c2381988e26cddeef5f4e821/04b97ac9d8731b35{
    "email": "_email",
    "first_name": "_first_name",
    "last_name": "_last_name",
    "socket": "_socket",
    "index": "_index"
}
2016-7-20 9:12:22 [WARN] undefined
2016-7-20 9:23:04 [INFO] The application for jwpaisley.com has started.
2016-7-20 9:23:05 [INFO] A user has connected to the site.
2016-7-20 9:23:07 [INFO] A user has disconnected from the site.
2016-7-20 9:23:08 [INFO] A user has connected to the site.
2016-7-20 9:23:08 [WARN] undefined
2016-7-20 9:23:08 [WARN] Successful data read: {
    "email": "_email",
    "first_name": "_first_name",
    "last_name": "_last_name",
    "socket": "_socket",
    "index": "_index"
}
2016-7-20 9:23:38 [INFO] The application for jwpaisley.com has started.
2016-7-20 9:23:38 [INFO] A user has connected to the site.
2016-7-20 9:23:42 [INFO] A user has disconnected from the site.
2016-7-20 9:23:42 [INFO] A user has connected to the site.
2016-7-20 9:23:42 [WARN] undefined
2016-7-20 9:23:42 [WARN] Successful data read: {
    "email": "_email",
    "first_name": "_first_name",
    "last_name": "_last_name",
    "socket": "_socket",
    "index": "_index"
}
2016-7-20 9:25:03 [INFO] The application for jwpaisley.com has started.
2016-7-20 9:25:03 [INFO] A user has connected to the site.
2016-7-20 9:25:17 [INFO] A user has disconnected from the site.
2016-7-20 9:25:18 [INFO] A user has connected to the site.
2016-7-20 9:27:42 [INFO] The application for jwpaisley.com has started.
2016-7-20 9:27:42 [INFO] A user has connected to the site.
2016-7-20 9:27:43 [INFO] A user has connected to the site.
2016-7-20 9:27:43 [WARN] {
    "email": "_email",
    "first_name": "_first_name",
    "last_name": "_last_name",
    "socket": "_socket",
    "index": "_index"
}
2016-7-20 9:27:43 [ERR]  {
    "email": "_email",
    "first_name": "_first_name",
    "last_name": "_last_name",
    "socket": "_socket",
    "index": "_index"
}
2016-7-20 9:29:07 [INFO] A user has disconnected from the site.
2016-7-20 9:31:01 [INFO] The application for jwpaisley.com has started.
2016-7-20 9:31:01 [INFO] A user has connected to the site.
2016-7-20 9:31:02 [INFO] A user has disconnected from the site.
2016-7-20 9:31:03 [INFO] A user has connected to the site.
2016-7-20 9:46:59 [INFO] The application for jwpaisley.com has started.
2016-7-20 9:46:59 [INFO] A user has connected to the site.
2016-7-20 9:47:05 [INFO] A user has disconnected from the site.
2016-7-20 9:47:05 [INFO] A user has connected to the site.
2016-7-20 9:47:05 [WARN] A user has attempted to save data to db/1bab7cd4fe620e3def085188c2381988e26cddeef5f4e821/04b97ac9d8731b35, but the application's configuration has not enabled the database.
2016-7-20 10:38:55 [INFO] The application for jwpaisley.com has started.
2016-7-20 10:38:57 [INFO] A user has connected to the site.
2016-7-20 10:38:58 [INFO] A user has disconnected from the site.
2016-7-20 10:38:59 [INFO] A user has connected to the site.
2016-7-20 10:38:59 [WARN] A user has attempted to read data from db/1bab7cd4fe620e3def085188c2381988e26cddeef5f4e821/04b97ac9d8731b35, but the application's configuration has not enabled the database.
2016-7-20 10:39:04 [INFO] A user has disconnected from the site.
