2016-8-8 9:11:26 [INFO] The application for jwpaisley.com has started.
2016-8-8 9:16:49 [INFO] The application for jwpaisley.com has started.
2016-8-8 9:21:16 [INFO] The application for jwpaisley.com has started.
2016-8-8 9:28:24 [INFO] The application for jwpaisley.com has started.
2016-8-8 9:31:31 [INFO] The application for jwpaisley.com has started.
2016-8-8 9:36:24 [INFO] A user has connected to the site.
2016-8-8 9:38:00 [INFO] A user has disconnected from the site.
2016-8-8 9:38:00 [INFO] A user has connected to the site.
2016-8-8 9:40:54 [INFO] A user has disconnected from the site.
2016-8-8 9:40:54 [INFO] A user has connected to the site.
2016-8-8 9:40:55 [INFO] A user has disconnected from the site.
2016-8-8 9:40:55 [INFO] A user has connected to the site.
2016-8-8 9:40:55 [INFO] A user has disconnected from the site.
2016-8-8 9:40:55 [INFO] A user has connected to the site.
2016-8-8 9:40:59 [INFO] A user has disconnected from the site.
2016-8-8 9:40:59 [INFO] A user has connected to the site.
2016-8-8 9:51:43 [INFO] A user has disconnected from the site.
2016-8-8 9:51:43 [INFO] A user has connected to the site.
2016-8-8 9:55:19 [INFO] A user has disconnected from the site.
2016-8-8 9:55:20 [INFO] A user has connected to the site.
2016-8-8 9:55:23 [INFO] A user has disconnected from the site.
2016-8-8 9:55:23 [INFO] A user has connected to the site.
2016-8-8 9:55:23 [INFO] A user has disconnected from the site.
2016-8-8 9:55:23 [INFO] A user has connected to the site.
2016-8-8 9:55:24 [INFO] A user has disconnected from the site.
2016-8-8 9:55:24 [INFO] A user has connected to the site.
2016-8-8 9:55:25 [INFO] A user has disconnected from the site.
2016-8-8 9:55:25 [INFO] A user has connected to the site.
2016-8-8 9:55:37 [INFO] A user has disconnected from the site.
2016-8-8 9:55:37 [INFO] A user has connected to the site.
2016-8-8 9:55:38 [INFO] A user has disconnected from the site.
2016-8-8 9:55:38 [INFO] A user has connected to the site.
2016-8-8 9:59:53 [INFO] A user has disconnected from the site.
2016-8-8 9:59:53 [INFO] A user has connected to the site.
2016-8-8 10:00:23 [INFO] A user has disconnected from the site.
2016-8-8 10:00:23 [INFO] A user has connected to the site.
2016-8-8 10:00:41 [INFO] A user has disconnected from the site.
2016-8-8 10:00:41 [INFO] A user has connected to the site.
2016-8-8 10:00:48 [INFO] A user has disconnected from the site.
2016-8-8 10:00:48 [INFO] A user has connected to the site.
2016-8-8 10:01:14 [INFO] A user has disconnected from the site.
2016-8-8 10:01:14 [INFO] A user has connected to the site.
2016-8-8 10:01:36 [INFO] A user has disconnected from the site.
2016-8-8 10:01:36 [INFO] A user has connected to the site.
2016-8-8 10:01:43 [INFO] A user has disconnected from the site.
2016-8-8 10:01:43 [INFO] A user has connected to the site.
2016-8-8 10:19:00 [INFO] A user has disconnected from the site.
2016-8-8 10:19:00 [INFO] A user has connected to the site.
2016-8-8 10:19:33 [INFO] A user has disconnected from the site.
2016-8-8 10:19:33 [INFO] A user has connected to the site.
2016-8-8 10:20:11 [INFO] A user has disconnected from the site.
2016-8-8 10:20:11 [INFO] A user has connected to the site.
2016-8-8 10:20:20 [INFO] A user has disconnected from the site.
2016-8-8 10:20:20 [INFO] A user has connected to the site.
2016-8-8 10:20:29 [INFO] A user has disconnected from the site.
2016-8-8 10:20:29 [INFO] A user has connected to the site.
2016-8-8 10:20:47 [INFO] A user has disconnected from the site.
2016-8-8 10:20:47 [INFO] A user has connected to the site.
2016-8-8 10:21:31 [INFO] A user has disconnected from the site.
2016-8-8 10:21:31 [INFO] A user has connected to the site.
2016-8-8 10:21:32 [INFO] A user has disconnected from the site.
2016-8-8 10:21:32 [INFO] A user has connected to the site.
2016-8-8 10:21:32 [INFO] A user has disconnected from the site.
2016-8-8 10:21:32 [INFO] A user has connected to the site.
2016-8-8 10:21:32 [INFO] A user has disconnected from the site.
2016-8-8 10:21:32 [INFO] A user has connected to the site.
2016-8-8 10:22:45 [INFO] A user has disconnected from the site.
2016-8-8 10:22:45 [INFO] A user has connected to the site.
2016-8-8 10:23:33 [INFO] A user has disconnected from the site.
2016-8-8 10:23:33 [INFO] A user has connected to the site.
2016-8-8 10:33:36 [INFO] A user has disconnected from the site.
2016-8-8 10:33:36 [INFO] A user has connected to the site.
2016-8-8 10:42:02 [INFO] A user has disconnected from the site.
2016-8-8 10:42:02 [INFO] A user has connected to the site.
2016-8-8 10:42:03 [INFO] A user has disconnected from the site.
2016-8-8 10:42:03 [INFO] A user has connected to the site.
2016-8-8 10:43:44 [INFO] A user has disconnected from the site.
2016-8-8 10:43:44 [INFO] A user has connected to the site.
2016-8-8 10:43:47 [INFO] A user has disconnected from the site.
2016-8-8 10:43:48 [INFO] A user has connected to the site.
2016-8-8 10:45:35 [INFO] A user has disconnected from the site.
2016-8-8 10:45:35 [INFO] A user has connected to the site.
2016-8-8 10:45:41 [INFO] A user has disconnected from the site.
2016-8-8 10:45:41 [INFO] A user has connected to the site.
2016-8-8 10:45:42 [INFO] A user has disconnected from the site.
2016-8-8 10:45:42 [INFO] A user has connected to the site.
2016-8-8 10:45:42 [INFO] A user has disconnected from the site.
2016-8-8 10:45:42 [INFO] A user has connected to the site.
2016-8-8 10:45:42 [INFO] A user has disconnected from the site.
2016-8-8 10:45:42 [INFO] A user has connected to the site.
2016-8-8 10:45:48 [INFO] A user has disconnected from the site.
2016-8-8 10:45:48 [INFO] A user has connected to the site.
2016-8-8 10:45:48 [INFO] A user has disconnected from the site.
2016-8-8 10:45:48 [INFO] A user has connected to the site.
2016-8-8 10:45:48 [INFO] A user has disconnected from the site.
2016-8-8 10:45:48 [INFO] A user has connected to the site.
2016-8-8 10:45:49 [INFO] A user has disconnected from the site.
2016-8-8 10:45:49 [INFO] A user has connected to the site.
2016-8-8 10:45:49 [INFO] A user has disconnected from the site.
2016-8-8 10:45:49 [INFO] A user has connected to the site.
2016-8-8 10:45:49 [INFO] A user has disconnected from the site.
2016-8-8 10:45:49 [INFO] A user has connected to the site.
2016-8-8 10:47:01 [INFO] A user has disconnected from the site.
2016-8-8 10:47:01 [INFO] A user has connected to the site.
2016-8-8 10:47:02 [INFO] A user has disconnected from the site.
2016-8-8 10:47:02 [INFO] A user has connected to the site.
2016-8-8 10:47:02 [INFO] A user has disconnected from the site.
2016-8-8 10:47:02 [INFO] A user has connected to the site.
2016-8-8 10:47:03 [INFO] A user has disconnected from the site.
2016-8-8 10:47:03 [INFO] A user has connected to the site.
2016-8-8 10:47:03 [INFO] A user has disconnected from the site.
2016-8-8 10:47:03 [INFO] A user has connected to the site.
2016-8-8 10:47:03 [INFO] A user has disconnected from the site.
2016-8-8 10:47:03 [INFO] A user has connected to the site.
2016-8-8 10:47:04 [INFO] A user has disconnected from the site.
2016-8-8 10:47:04 [INFO] A user has connected to the site.
2016-8-8 10:47:04 [INFO] A user has disconnected from the site.
2016-8-8 10:47:04 [INFO] A user has connected to the site.
2016-8-8 10:47:04 [INFO] A user has disconnected from the site.
2016-8-8 10:47:04 [INFO] A user has connected to the site.
2016-8-8 10:47:05 [INFO] A user has disconnected from the site.
2016-8-8 10:47:05 [INFO] A user has connected to the site.
2016-8-8 10:47:05 [INFO] A user has disconnected from the site.
2016-8-8 10:47:05 [INFO] A user has connected to the site.
2016-8-8 10:47:05 [INFO] A user has disconnected from the site.
2016-8-8 10:47:05 [INFO] A user has connected to the site.
2016-8-8 10:47:37 [INFO] A user has disconnected from the site.
2016-8-8 10:47:37 [INFO] A user has connected to the site.
2016-8-8 10:51:44 [INFO] A user has disconnected from the site.
2016-8-8 10:51:44 [INFO] A user has connected to the site.
2016-8-8 10:51:45 [INFO] A user has disconnected from the site.
2016-8-8 10:51:45 [INFO] A user has connected to the site.
2016-8-8 10:51:45 [INFO] A user has disconnected from the site.
2016-8-8 10:51:45 [INFO] A user has connected to the site.
2016-8-8 10:51:45 [INFO] A user has disconnected from the site.
2016-8-8 10:51:45 [INFO] A user has connected to the site.
2016-8-8 10:51:45 [INFO] A user has disconnected from the site.
2016-8-8 10:51:45 [INFO] A user has connected to the site.
2016-8-8 10:51:46 [INFO] A user has disconnected from the site.
2016-8-8 10:51:46 [INFO] A user has connected to the site.
2016-8-8 10:51:46 [INFO] A user has disconnected from the site.
2016-8-8 10:51:46 [INFO] A user has connected to the site.
2016-8-8 10:51:46 [INFO] A user has disconnected from the site.
2016-8-8 10:51:46 [INFO] A user has connected to the site.
2016-8-8 10:51:46 [INFO] A user has disconnected from the site.
2016-8-8 10:51:46 [INFO] A user has connected to the site.
2016-8-8 10:51:47 [INFO] A user has disconnected from the site.
2016-8-8 10:51:47 [INFO] A user has connected to the site.
2016-8-8 10:51:47 [INFO] A user has disconnected from the site.
2016-8-8 10:51:47 [INFO] A user has connected to the site.
2016-8-8 10:51:47 [INFO] A user has disconnected from the site.
2016-8-8 10:51:47 [INFO] A user has connected to the site.
2016-8-8 10:51:47 [INFO] A user has disconnected from the site.
2016-8-8 10:51:47 [INFO] A user has connected to the site.
2016-8-8 10:51:47 [INFO] A user has disconnected from the site.
2016-8-8 10:51:47 [INFO] A user has connected to the site.
2016-8-8 10:51:48 [INFO] A user has disconnected from the site.
2016-8-8 10:51:48 [INFO] A user has connected to the site.
2016-8-8 10:53:20 [INFO] A user has disconnected from the site.
2016-8-8 10:53:20 [INFO] A user has connected to the site.
2016-8-8 10:53:27 [INFO] A user has disconnected from the site.
2016-8-8 10:53:27 [INFO] A user has connected to the site.
2016-8-8 10:53:35 [INFO] A user has disconnected from the site.
2016-8-8 10:53:35 [INFO] A user has connected to the site.
2016-8-8 10:53:42 [INFO] A user has disconnected from the site.
2016-8-8 10:53:42 [INFO] A user has connected to the site.
2016-8-8 10:55:58 [INFO] A user has disconnected from the site.
2016-8-8 10:55:58 [INFO] A user has connected to the site.
2016-8-8 10:56:06 [INFO] A user has disconnected from the site.
2016-8-8 10:56:06 [INFO] A user has connected to the site.
2016-8-8 10:56:12 [INFO] A user has disconnected from the site.
2016-8-8 10:56:12 [INFO] A user has connected to the site.
2016-8-8 10:56:36 [INFO] A user has disconnected from the site.
2016-8-8 10:56:36 [INFO] A user has connected to the site.
2016-8-8 10:56:48 [INFO] A user has disconnected from the site.
2016-8-8 10:56:48 [INFO] A user has connected to the site.
2016-8-8 10:56:48 [INFO] A user has disconnected from the site.
2016-8-8 10:56:48 [INFO] A user has connected to the site.
2016-8-8 10:56:49 [INFO] A user has disconnected from the site.
2016-8-8 10:56:49 [INFO] A user has connected to the site.
2016-8-8 10:56:49 [INFO] A user has disconnected from the site.
2016-8-8 10:56:49 [INFO] A user has connected to the site.
2016-8-8 10:56:49 [INFO] A user has disconnected from the site.
2016-8-8 10:56:49 [INFO] A user has connected to the site.
2016-8-8 10:56:49 [INFO] A user has disconnected from the site.
2016-8-8 10:56:49 [INFO] A user has connected to the site.
2016-8-8 10:56:49 [INFO] A user has disconnected from the site.
2016-8-8 10:56:49 [INFO] A user has connected to the site.
2016-8-8 10:56:56 [INFO] The application for jwpaisley.com has started.
2016-8-8 10:56:56 [INFO] A user has connected to the site.
2016-8-8 10:56:59 [INFO] A user has disconnected from the site.
2016-8-8 10:56:59 [INFO] A user has connected to the site.
2016-8-8 10:57:17 [INFO] A user has disconnected from the site.
2016-8-8 10:57:17 [INFO] A user has connected to the site.
2016-8-8 10:57:18 [INFO] A user has disconnected from the site.
2016-8-8 10:57:18 [INFO] A user has connected to the site.
2016-8-8 10:57:18 [INFO] A user has connected to the site.
2016-8-8 10:57:18 [INFO] A user has connected to the site.
2016-8-8 10:57:18 [INFO] A user has connected to the site.
2016-8-8 10:58:43 [INFO] A user has disconnected from the site.
2016-8-8 10:58:43 [INFO] A user has disconnected from the site.
2016-8-8 10:58:43 [INFO] A user has disconnected from the site.
2016-8-8 10:59:11 [INFO] A user has disconnected from the site.
2016-8-8 10:59:11 [INFO] A user has connected to the site.
2016-8-8 10:59:11 [INFO] A user has disconnected from the site.
2016-8-8 10:59:11 [INFO] A user has connected to the site.
2016-8-8 10:59:12 [INFO] A user has connected to the site.
2016-8-8 10:59:12 [INFO] A user has disconnected from the site.
2016-8-8 10:59:12 [INFO] A user has connected to the site.
2016-8-8 10:59:12 [INFO] A user has disconnected from the site.
2016-8-8 10:59:12 [INFO] A user has connected to the site.
2016-8-8 10:59:18 [INFO] A user has disconnected from the site.
2016-8-8 10:59:18 [INFO] A user has connected to the site.
2016-8-8 10:59:18 [INFO] A user has disconnected from the site.
2016-8-8 10:59:18 [INFO] A user has connected to the site.
2016-8-8 10:59:18 [INFO] A user has connected to the site.
2016-8-8 10:59:19 [INFO] A user has connected to the site.
2016-8-8 10:59:19 [INFO] A user has connected to the site.
2016-8-8 11:00:21 [INFO] A user has disconnected from the site.
2016-8-8 11:00:21 [INFO] A user has connected to the site.
2016-8-8 11:00:22 [INFO] A user has disconnected from the site.
2016-8-8 11:00:22 [INFO] A user has connected to the site.
2016-8-8 11:00:22 [INFO] A user has disconnected from the site.
2016-8-8 11:00:22 [INFO] A user has connected to the site.
2016-8-8 11:00:22 [INFO] A user has disconnected from the site.
2016-8-8 11:00:22 [INFO] A user has connected to the site.
2016-8-8 11:00:22 [INFO] A user has disconnected from the site.
2016-8-8 11:00:22 [INFO] A user has connected to the site.
2016-8-8 11:00:22 [INFO] A user has disconnected from the site.
2016-8-8 11:00:22 [INFO] A user has connected to the site.
2016-8-8 11:00:32 [INFO] A user has disconnected from the site.
2016-8-8 11:00:32 [INFO] A user has connected to the site.
2016-8-8 11:00:33 [INFO] A user has disconnected from the site.
2016-8-8 11:00:33 [INFO] A user has connected to the site.
2016-8-8 11:00:33 [INFO] A user has disconnected from the site.
2016-8-8 11:00:33 [INFO] A user has connected to the site.
2016-8-8 11:00:34 [INFO] A user has disconnected from the site.
2016-8-8 11:00:34 [INFO] A user has connected to the site.
2016-8-8 11:00:34 [INFO] A user has disconnected from the site.
2016-8-8 11:00:34 [INFO] A user has connected to the site.
2016-8-8 11:00:34 [INFO] A user has disconnected from the site.
2016-8-8 11:00:34 [INFO] A user has connected to the site.
2016-8-8 11:00:34 [INFO] A user has disconnected from the site.
2016-8-8 11:00:34 [INFO] A user has connected to the site.
2016-8-8 11:00:34 [INFO] A user has disconnected from the site.
2016-8-8 11:00:34 [INFO] A user has connected to the site.
2016-8-8 11:00:35 [INFO] A user has disconnected from the site.
2016-8-8 11:00:35 [INFO] A user has connected to the site.
2016-8-8 11:00:35 [INFO] A user has disconnected from the site.
2016-8-8 11:00:35 [INFO] A user has connected to the site.
2016-8-8 11:00:35 [INFO] A user has disconnected from the site.
2016-8-8 11:00:35 [INFO] A user has connected to the site.
2016-8-8 11:00:35 [INFO] A user has disconnected from the site.
2016-8-8 11:00:35 [INFO] A user has connected to the site.
2016-8-8 11:00:35 [INFO] A user has disconnected from the site.
2016-8-8 11:00:35 [INFO] A user has connected to the site.
2016-8-8 11:00:36 [INFO] A user has connected to the site.
2016-8-8 11:00:36 [INFO] A user has disconnected from the site.
2016-8-8 11:00:41 [INFO] A user has disconnected from the site.
2016-8-8 11:00:41 [INFO] A user has connected to the site.
2016-8-8 11:00:43 [INFO] A user has disconnected from the site.
2016-8-8 11:00:43 [INFO] A user has disconnected from the site.
2016-8-8 11:00:44 [INFO] A user has disconnected from the site.
2016-8-8 11:01:09 [INFO] A user has disconnected from the site.
2016-8-8 11:01:09 [INFO] A user has connected to the site.
2016-8-8 11:01:16 [INFO] A user has disconnected from the site.
2016-8-8 11:01:16 [INFO] A user has connected to the site.
2016-8-8 11:01:39 [INFO] A user has disconnected from the site.
2016-8-8 11:01:39 [INFO] A user has connected to the site.
2016-8-8 11:01:41 [INFO] A user has disconnected from the site.
2016-8-8 11:01:41 [INFO] A user has connected to the site.
2016-8-8 11:02:00 [INFO] A user has disconnected from the site.
2016-8-8 11:02:29 [INFO] A user has disconnected from the site.
2016-8-8 11:02:29 [INFO] A user has connected to the site.
2016-8-8 11:02:30 [INFO] A user has disconnected from the site.
2016-8-8 11:02:30 [INFO] A user has connected to the site.
2016-8-8 11:02:30 [INFO] A user has disconnected from the site.
2016-8-8 11:02:30 [INFO] A user has connected to the site.
2016-8-8 11:02:30 [INFO] A user has disconnected from the site.
2016-8-8 11:02:30 [INFO] A user has connected to the site.
2016-8-8 11:02:36 [INFO] A user has disconnected from the site.
2016-8-8 11:02:38 [INFO] A user has connected to the site.
2016-8-8 11:19:47 [INFO] A user has disconnected from the site.
2016-8-8 11:19:47 [INFO] A user has connected to the site.
2016-8-8 11:20:16 [INFO] A user has disconnected from the site.
2016-8-8 11:20:16 [INFO] A user has connected to the site.
2016-8-8 11:26:55 [INFO] A user has disconnected from the site.
2016-8-8 11:26:55 [INFO] A user has connected to the site.
2016-8-8 11:26:56 [INFO] A user has disconnected from the site.
2016-8-8 11:26:56 [INFO] A user has connected to the site.
2016-8-8 11:26:56 [INFO] A user has disconnected from the site.
2016-8-8 11:26:56 [INFO] A user has connected to the site.
2016-8-8 11:26:56 [INFO] A user has disconnected from the site.
2016-8-8 11:26:56 [INFO] A user has connected to the site.
2016-8-8 11:26:56 [INFO] A user has disconnected from the site.
2016-8-8 11:26:56 [INFO] A user has connected to the site.
2016-8-8 11:26:57 [INFO] A user has disconnected from the site.
2016-8-8 11:26:57 [INFO] A user has connected to the site.
2016-8-8 11:26:57 [INFO] A user has disconnected from the site.
2016-8-8 11:26:57 [INFO] A user has connected to the site.
2016-8-8 11:28:22 [INFO] A user has disconnected from the site.
2016-8-8 11:28:22 [INFO] A user has connected to the site.
2016-8-8 11:29:33 [INFO] A user has disconnected from the site.
2016-8-8 11:29:33 [INFO] A user has connected to the site.
2016-8-8 11:33:34 [INFO] A user has disconnected from the site.
2016-8-8 11:33:34 [INFO] A user has connected to the site.
2016-8-8 11:33:47 [INFO] A user has disconnected from the site.
2016-8-8 11:33:49 [INFO] A user has connected to the site.
2016-8-8 11:33:50 [INFO] A user has disconnected from the site.
2016-8-8 11:33:50 [INFO] A user has connected to the site.
2016-8-8 11:33:51 [INFO] A user has disconnected from the site.
2016-8-8 11:33:51 [INFO] A user has connected to the site.
2016-8-8 11:33:52 [INFO] A user has disconnected from the site.
2016-8-8 11:33:52 [INFO] A user has connected to the site.
2016-8-8 11:34:09 [INFO] A user has disconnected from the site.
2016-8-8 11:34:09 [INFO] A user has connected to the site.
2016-8-8 11:34:21 [INFO] A user has disconnected from the site.
2016-8-8 11:34:21 [INFO] A user has connected to the site.
2016-8-8 11:34:32 [INFO] A user has disconnected from the site.
2016-8-8 11:34:32 [INFO] A user has connected to the site.
2016-8-8 11:35:20 [INFO] A user has disconnected from the site.
2016-8-8 11:35:20 [INFO] A user has connected to the site.
2016-8-8 11:35:21 [INFO] A user has disconnected from the site.
2016-8-8 11:35:21 [INFO] A user has connected to the site.
2016-8-8 11:35:23 [INFO] A user has disconnected from the site.
2016-8-8 11:35:23 [INFO] A user has connected to the site.
2016-8-8 11:38:33 [INFO] A user has disconnected from the site.
2016-8-8 11:38:33 [INFO] A user has connected to the site.
2016-8-8 11:38:34 [INFO] A user has disconnected from the site.
2016-8-8 11:38:35 [INFO] A user has connected to the site.
2016-8-8 11:39:46 [INFO] A user has disconnected from the site.
2016-8-8 11:39:46 [INFO] A user has connected to the site.
2016-8-8 11:39:57 [INFO] A user has disconnected from the site.
2016-8-8 11:39:58 [INFO] A user has connected to the site.
2016-8-8 11:39:59 [INFO] A user has disconnected from the site.
2016-8-8 11:39:59 [INFO] A user has connected to the site.
2016-8-8 11:40:00 [INFO] A user has disconnected from the site.
2016-8-8 11:40:00 [INFO] A user has connected to the site.
2016-8-8 11:40:01 [INFO] A user has disconnected from the site.
2016-8-8 11:40:02 [INFO] A user has connected to the site.
2016-8-8 11:42:42 [INFO] A user has disconnected from the site.
2016-8-8 11:42:42 [INFO] A user has connected to the site.
2016-8-8 11:42:43 [INFO] A user has disconnected from the site.
2016-8-8 11:42:43 [INFO] A user has connected to the site.
2016-8-8 11:42:44 [INFO] A user has disconnected from the site.
2016-8-8 11:42:44 [INFO] A user has connected to the site.
2016-8-8 11:42:46 [INFO] A user has disconnected from the site.
2016-8-8 11:42:47 [INFO] A user has connected to the site.
2016-8-8 11:42:57 [INFO] The application for jwpaisley.com has started.
2016-8-8 11:42:57 [INFO] A user has connected to the site.
2016-8-8 11:43:14 [INFO] The application for jwpaisley.com has restarted.
2016-8-8 11:43:14 [INFO] A user has connected to the site.
2016-8-8 11:43:15 [INFO] A user has disconnected from the site.
2016-8-8 11:43:15 [INFO] A user has connected to the site.
2016-8-8 11:43:18 [INFO] A user has disconnected from the site.
2016-8-8 11:43:18 [INFO] A user has connected to the site.
2016-8-8 11:43:19 [INFO] A user has disconnected from the site.
2016-8-8 11:43:19 [INFO] A user has connected to the site.
2016-8-8 11:43:21 [INFO] A user has disconnected from the site.
2016-8-8 11:43:21 [INFO] A user has connected to the site.
2016-8-8 11:43:23 [INFO] A user has disconnected from the site.
2016-8-8 11:43:23 [INFO] A user has connected to the site.
2016-8-8 11:43:24 [INFO] A user has disconnected from the site.
2016-8-8 11:43:24 [INFO] A user has connected to the site.
2016-8-8 11:43:25 [INFO] A user has disconnected from the site.
2016-8-8 11:43:26 [INFO] A user has connected to the site.
2016-8-8 11:43:27 [INFO] A user has disconnected from the site.
2016-8-8 11:43:27 [INFO] A user has connected to the site.
2016-8-8 11:43:29 [INFO] A user has disconnected from the site.
2016-8-8 11:43:29 [INFO] A user has connected to the site.
2016-8-8 11:43:29 [INFO] A user has disconnected from the site.
2016-8-8 11:43:29 [INFO] A user has connected to the site.
2016-8-8 11:43:31 [INFO] A user has disconnected from the site.
2016-8-8 11:43:31 [INFO] A user has connected to the site.
2016-8-8 11:43:31 [INFO] A user has disconnected from the site.
2016-8-8 11:43:31 [INFO] A user has connected to the site.
2016-8-8 11:43:33 [INFO] A user has disconnected from the site.
2016-8-8 11:43:33 [INFO] A user has connected to the site.
2016-8-8 11:43:33 [INFO] A user has disconnected from the site.
2016-8-8 11:43:34 [INFO] A user has connected to the site.
2016-8-8 11:43:34 [INFO] A user has disconnected from the site.
2016-8-8 11:43:34 [INFO] A user has connected to the site.
2016-8-8 11:43:52 [INFO] A user has disconnected from the site.
2016-8-8 11:43:52 [INFO] A user has connected to the site.
2016-8-8 11:43:53 [INFO] A user has disconnected from the site.
2016-8-8 11:43:53 [INFO] A user has connected to the site.
2016-8-8 11:43:57 [INFO] A user has disconnected from the site.
2016-8-8 11:43:57 [INFO] A user has connected to the site.
2016-8-8 11:43:58 [INFO] A user has disconnected from the site.
2016-8-8 11:43:58 [INFO] A user has connected to the site.
2016-8-8 11:43:58 [INFO] A user has disconnected from the site.
2016-8-8 11:43:58 [INFO] A user has connected to the site.
2016-8-8 11:44:24 [INFO] A user has disconnected from the site.
2016-8-8 11:44:24 [INFO] A user has connected to the site.
2016-8-8 11:45:41 [INFO] A user has disconnected from the site.
2016-8-8 11:45:41 [INFO] A user has connected to the site.
2016-8-8 11:45:42 [INFO] A user has disconnected from the site.
2016-8-8 11:45:42 [INFO] A user has connected to the site.
2016-8-8 11:45:42 [INFO] A user has disconnected from the site.
2016-8-8 11:45:42 [INFO] A user has connected to the site.
2016-8-8 11:46:55 [INFO] A user has disconnected from the site.
2016-8-8 11:46:55 [INFO] A user has connected to the site.
2016-8-8 11:47:08 [INFO] A user has disconnected from the site.
2016-8-8 11:47:08 [INFO] A user has connected to the site.
2016-8-8 11:47:09 [INFO] A user has disconnected from the site.
2016-8-8 11:47:09 [INFO] A user has connected to the site.
2016-8-8 11:47:09 [INFO] A user has disconnected from the site.
2016-8-8 11:47:09 [INFO] A user has connected to the site.
2016-8-8 11:47:09 [INFO] A user has disconnected from the site.
2016-8-8 11:47:09 [INFO] A user has connected to the site.
2016-8-8 11:47:09 [INFO] A user has disconnected from the site.
2016-8-8 11:47:09 [INFO] A user has connected to the site.
2016-8-8 11:47:18 [INFO] A user has disconnected from the site.
2016-8-8 11:47:18 [INFO] A user has connected to the site.
2016-8-8 11:47:29 [INFO] A user has disconnected from the site.
2016-8-8 11:47:29 [INFO] A user has connected to the site.
2016-8-8 11:47:49 [INFO] A user has disconnected from the site.
2016-8-8 11:47:49 [INFO] A user has connected to the site.
2016-8-8 11:47:50 [INFO] A user has disconnected from the site.
2016-8-8 11:47:50 [INFO] A user has connected to the site.
2016-8-8 11:47:50 [INFO] A user has disconnected from the site.
2016-8-8 11:47:50 [INFO] A user has connected to the site.
2016-8-8 11:47:50 [INFO] A user has disconnected from the site.
2016-8-8 11:47:51 [INFO] A user has connected to the site.
2016-8-8 11:48:06 [INFO] A user has disconnected from the site.
2016-8-8 11:48:06 [INFO] A user has connected to the site.
2016-8-8 11:49:38 [INFO] A user has disconnected from the site.
2016-8-8 11:49:38 [INFO] A user has connected to the site.
2016-8-8 11:49:39 [INFO] A user has disconnected from the site.
2016-8-8 11:49:39 [INFO] A user has connected to the site.
2016-8-8 11:49:39 [INFO] A user has disconnected from the site.
2016-8-8 11:49:39 [INFO] A user has connected to the site.
2016-8-8 11:50:17 [INFO] A user has disconnected from the site.
2016-8-8 11:50:17 [INFO] A user has connected to the site.
2016-8-8 11:50:26 [INFO] A user has disconnected from the site.
2016-8-8 11:50:26 [INFO] A user has connected to the site.
2016-8-8 11:50:36 [INFO] A user has disconnected from the site.
2016-8-8 11:50:37 [INFO] A user has connected to the site.
2016-8-8 11:50:47 [INFO] A user has disconnected from the site.
2016-8-8 11:50:48 [INFO] A user has connected to the site.
2016-8-8 11:50:51 [INFO] A user has disconnected from the site.
2016-8-8 11:50:51 [INFO] A user has connected to the site.
2016-8-8 11:50:52 [INFO] A user has disconnected from the site.
2016-8-8 11:50:52 [INFO] A user has connected to the site.
2016-8-8 11:50:52 [INFO] A user has disconnected from the site.
2016-8-8 11:50:52 [INFO] A user has connected to the site.
2016-8-8 12:00:45 [INFO] A user has disconnected from the site.
2016-8-8 12:00:45 [INFO] A user has connected to the site.
2016-8-8 12:01:03 [INFO] A user has disconnected from the site.
2016-8-8 12:01:03 [INFO] A user has connected to the site.
2016-8-8 12:01:07 [INFO] A user has disconnected from the site.
2016-8-8 12:01:07 [INFO] A user has connected to the site.
2016-8-8 12:07:59 [INFO] A user has disconnected from the site.
2016-8-8 12:07:59 [INFO] A user has connected to the site.
2016-8-8 12:09:56 [INFO] A user has disconnected from the site.
2016-8-8 12:09:56 [INFO] A user has connected to the site.
2016-8-8 12:09:57 [INFO] A user has disconnected from the site.
2016-8-8 12:09:57 [INFO] A user has connected to the site.
2016-8-8 12:09:58 [INFO] A user has disconnected from the site.
2016-8-8 12:09:58 [INFO] A user has connected to the site.
2016-8-8 12:10:20 [INFO] A user has disconnected from the site.
2016-8-8 12:10:20 [INFO] A user has connected to the site.
2016-8-8 12:28:59 [INFO] A user has disconnected from the site.
2016-8-8 12:28:59 [INFO] A user has connected to the site.
2016-8-8 12:29:34 [INFO] A user has disconnected from the site.
2016-8-8 12:29:35 [INFO] A user has connected to the site.
2016-8-8 12:29:35 [INFO] A user has disconnected from the site.
2016-8-8 12:29:35 [INFO] A user has connected to the site.
2016-8-8 12:29:35 [INFO] A user has disconnected from the site.
2016-8-8 12:29:35 [INFO] A user has connected to the site.
2016-8-8 12:29:35 [INFO] A user has disconnected from the site.
2016-8-8 12:29:35 [INFO] A user has connected to the site.
2016-8-8 12:29:35 [INFO] A user has disconnected from the site.
2016-8-8 12:29:35 [INFO] A user has connected to the site.
2016-8-8 12:29:44 [INFO] A user has disconnected from the site.
2016-8-8 12:29:44 [INFO] A user has connected to the site.
2016-8-8 12:29:45 [INFO] A user has disconnected from the site.
2016-8-8 12:29:45 [INFO] A user has connected to the site.
2016-8-8 12:29:45 [INFO] A user has disconnected from the site.
2016-8-8 12:29:45 [INFO] A user has connected to the site.
2016-8-8 12:29:45 [INFO] A user has disconnected from the site.
2016-8-8 12:29:45 [INFO] A user has connected to the site.
2016-8-8 12:30:02 [INFO] A user has disconnected from the site.
2016-8-8 12:30:02 [INFO] A user has connected to the site.
2016-8-8 12:30:02 [INFO] A user has disconnected from the site.
2016-8-8 12:30:02 [INFO] A user has connected to the site.
2016-8-8 12:30:02 [INFO] A user has disconnected from the site.
2016-8-8 12:30:03 [INFO] A user has connected to the site.
2016-8-8 12:30:17 [INFO] A user has disconnected from the site.
2016-8-8 12:30:18 [INFO] A user has connected to the site.
2016-8-8 12:30:18 [INFO] A user has disconnected from the site.
2016-8-8 12:30:18 [INFO] A user has connected to the site.
2016-8-8 12:30:19 [INFO] A user has disconnected from the site.
2016-8-8 12:30:19 [INFO] A user has connected to the site.
2016-8-8 12:30:19 [INFO] A user has disconnected from the site.
2016-8-8 12:30:19 [INFO] A user has connected to the site.
2016-8-8 12:30:41 [INFO] A user has disconnected from the site.
2016-8-8 12:30:42 [INFO] A user has connected to the site.
2016-8-8 12:30:42 [INFO] A user has disconnected from the site.
2016-8-8 12:30:42 [INFO] A user has connected to the site.
2016-8-8 12:30:42 [INFO] A user has disconnected from the site.
2016-8-8 12:30:43 [INFO] A user has connected to the site.
2016-8-8 12:30:43 [INFO] A user has disconnected from the site.
2016-8-8 12:30:43 [INFO] A user has connected to the site.
2016-8-8 12:30:47 [INFO] A user has disconnected from the site.
2016-8-8 12:30:47 [INFO] A user has connected to the site.
2016-8-8 12:30:58 [INFO] A user has disconnected from the site.
2016-8-8 12:30:58 [INFO] A user has connected to the site.
2016-8-8 12:32:39 [INFO] A user has disconnected from the site.
2016-8-8 12:32:39 [INFO] A user has connected to the site.
2016-8-8 12:33:02 [INFO] A user has disconnected from the site.
2016-8-8 12:33:02 [INFO] A user has connected to the site.
2016-8-8 12:33:33 [INFO] A user has disconnected from the site.
2016-8-8 12:33:33 [INFO] A user has connected to the site.
2016-8-8 12:34:05 [INFO] A user has disconnected from the site.
2016-8-8 12:34:06 [INFO] A user has connected to the site.
2016-8-8 12:34:06 [INFO] A user has disconnected from the site.
2016-8-8 12:34:06 [INFO] A user has connected to the site.
2016-8-8 12:34:07 [INFO] A user has disconnected from the site.
2016-8-8 12:34:07 [INFO] A user has connected to the site.
2016-8-8 12:34:07 [INFO] A user has disconnected from the site.
2016-8-8 12:34:07 [INFO] A user has connected to the site.
2016-8-8 12:34:07 [INFO] A user has disconnected from the site.
2016-8-8 12:34:07 [INFO] A user has connected to the site.
2016-8-8 12:34:07 [INFO] A user has disconnected from the site.
2016-8-8 12:34:07 [INFO] A user has connected to the site.
2016-8-8 12:34:07 [INFO] A user has disconnected from the site.
2016-8-8 12:34:07 [INFO] A user has connected to the site.
2016-8-8 12:34:07 [INFO] A user has disconnected from the site.
2016-8-8 12:34:07 [INFO] A user has connected to the site.
2016-8-8 12:35:06 [INFO] A user has disconnected from the site.
2016-8-8 12:35:06 [INFO] A user has connected to the site.
2016-8-8 12:35:24 [INFO] A user has disconnected from the site.
2016-8-8 12:35:25 [INFO] A user has connected to the site.
2016-8-8 12:35:39 [INFO] A user has disconnected from the site.
2016-8-8 12:35:39 [INFO] A user has connected to the site.
2016-8-8 12:35:57 [INFO] A user has disconnected from the site.
2016-8-8 12:35:57 [INFO] A user has connected to the site.
2016-8-8 12:37:18 [INFO] A user has disconnected from the site.
2016-8-8 12:37:18 [INFO] A user has connected to the site.
2016-8-8 12:37:19 [INFO] A user has disconnected from the site.
2016-8-8 12:37:19 [INFO] A user has connected to the site.
2016-8-8 12:37:20 [INFO] A user has disconnected from the site.
2016-8-8 12:37:20 [INFO] A user has connected to the site.
2016-8-8 12:37:20 [INFO] A user has disconnected from the site.
2016-8-8 12:37:20 [INFO] A user has connected to the site.
2016-8-8 12:37:46 [INFO] A user has disconnected from the site.
2016-8-8 12:37:47 [INFO] A user has connected to the site.
2016-8-8 12:37:54 [INFO] A user has disconnected from the site.
2016-8-8 12:37:54 [INFO] A user has connected to the site.
2016-8-8 12:38:05 [INFO] A user has disconnected from the site.
2016-8-8 12:38:05 [INFO] A user has connected to the site.
2016-8-8 12:38:38 [INFO] A user has disconnected from the site.
2016-8-8 12:38:38 [INFO] A user has connected to the site.
2016-8-8 12:38:39 [INFO] A user has disconnected from the site.
2016-8-8 12:38:39 [INFO] A user has connected to the site.
2016-8-8 12:38:39 [INFO] A user has disconnected from the site.
2016-8-8 12:38:39 [INFO] A user has connected to the site.
2016-8-8 12:38:39 [INFO] A user has disconnected from the site.
2016-8-8 12:38:39 [INFO] A user has connected to the site.
2016-8-8 12:38:39 [INFO] A user has disconnected from the site.
2016-8-8 12:38:39 [INFO] A user has connected to the site.
2016-8-8 12:38:40 [INFO] A user has disconnected from the site.
2016-8-8 12:38:40 [INFO] A user has connected to the site.
2016-8-8 12:38:40 [INFO] A user has disconnected from the site.
2016-8-8 12:38:40 [INFO] A user has connected to the site.
2016-8-8 12:38:40 [INFO] A user has disconnected from the site.
2016-8-8 12:38:40 [INFO] A user has connected to the site.
2016-8-8 12:38:40 [INFO] A user has disconnected from the site.
2016-8-8 12:38:40 [INFO] A user has connected to the site.
2016-8-8 12:38:40 [INFO] A user has disconnected from the site.
2016-8-8 12:38:40 [INFO] A user has connected to the site.
2016-8-8 12:38:40 [INFO] A user has disconnected from the site.
2016-8-8 12:38:41 [INFO] A user has connected to the site.
2016-8-8 12:42:50 [INFO] A user has disconnected from the site.
2016-8-8 12:42:51 [INFO] A user has connected to the site.
2016-8-8 12:42:52 [INFO] A user has disconnected from the site.
2016-8-8 12:42:52 [INFO] A user has connected to the site.
2016-8-8 12:43:03 [INFO] A user has disconnected from the site.
2016-8-8 12:43:03 [INFO] A user has connected to the site.
2016-8-8 12:43:16 [INFO] A user has disconnected from the site.
2016-8-8 12:43:16 [INFO] A user has connected to the site.
2016-8-8 12:43:17 [INFO] A user has disconnected from the site.
2016-8-8 12:43:17 [INFO] A user has connected to the site.
2016-8-8 12:43:17 [INFO] A user has disconnected from the site.
2016-8-8 12:43:17 [INFO] A user has connected to the site.
2016-8-8 12:43:17 [INFO] A user has disconnected from the site.
2016-8-8 12:43:17 [INFO] A user has connected to the site.
2016-8-8 12:43:17 [INFO] A user has disconnected from the site.
2016-8-8 12:43:17 [INFO] A user has connected to the site.
2016-8-8 12:43:51 [INFO] A user has disconnected from the site.
2016-8-8 12:43:51 [INFO] A user has connected to the site.
2016-8-8 12:43:52 [INFO] A user has disconnected from the site.
2016-8-8 12:43:52 [INFO] A user has connected to the site.
2016-8-8 12:43:52 [INFO] A user has connected to the site.
2016-8-8 12:44:13 [INFO] A user has disconnected from the site.
2016-8-8 12:44:13 [INFO] A user has connected to the site.
2016-8-8 12:44:26 [INFO] A user has disconnected from the site.
2016-8-8 12:44:26 [INFO] A user has connected to the site.
2016-8-8 12:44:43 [INFO] A user has disconnected from the site.
2016-8-8 12:44:43 [INFO] A user has connected to the site.
2016-8-8 12:44:43 [INFO] A user has disconnected from the site.
2016-8-8 12:44:43 [INFO] A user has connected to the site.
2016-8-8 12:44:43 [INFO] A user has disconnected from the site.
2016-8-8 12:44:43 [INFO] A user has connected to the site.
2016-8-8 12:44:44 [INFO] A user has disconnected from the site.
2016-8-8 12:44:44 [INFO] A user has connected to the site.
2016-8-8 12:44:44 [INFO] A user has disconnected from the site.
2016-8-8 12:44:44 [INFO] A user has connected to the site.
2016-8-8 12:44:44 [INFO] A user has disconnected from the site.
2016-8-8 12:44:44 [INFO] A user has connected to the site.
2016-8-8 12:44:58 [INFO] A user has disconnected from the site.
2016-8-8 12:44:58 [INFO] A user has connected to the site.
2016-8-8 12:44:59 [INFO] A user has disconnected from the site.
2016-8-8 12:44:59 [INFO] A user has connected to the site.
2016-8-8 12:44:59 [INFO] A user has disconnected from the site.
2016-8-8 12:44:59 [INFO] A user has connected to the site.
2016-8-8 12:44:59 [INFO] A user has disconnected from the site.
2016-8-8 12:44:59 [INFO] A user has connected to the site.
2016-8-8 12:44:59 [INFO] A user has disconnected from the site.
2016-8-8 12:44:59 [INFO] A user has connected to the site.
2016-8-8 12:45:00 [INFO] A user has disconnected from the site.
2016-8-8 12:45:00 [INFO] A user has connected to the site.
2016-8-8 12:45:17 [INFO] A user has disconnected from the site.
2016-8-8 12:45:47 [INFO] A user has disconnected from the site.
2016-8-8 12:45:47 [INFO] A user has connected to the site.
2016-8-8 12:46:13 [INFO] A user has disconnected from the site.
2016-8-8 12:46:13 [INFO] A user has connected to the site.
2016-8-8 12:46:14 [INFO] A user has disconnected from the site.
2016-8-8 12:46:14 [INFO] A user has connected to the site.
2016-8-8 12:46:14 [INFO] A user has disconnected from the site.
2016-8-8 12:46:14 [INFO] A user has connected to the site.
2016-8-8 12:46:14 [INFO] A user has disconnected from the site.
2016-8-8 12:46:14 [INFO] A user has connected to the site.
2016-8-8 12:46:14 [INFO] A user has disconnected from the site.
2016-8-8 12:46:15 [INFO] A user has connected to the site.
2016-8-8 12:46:15 [INFO] A user has disconnected from the site.
2016-8-8 12:46:15 [INFO] A user has connected to the site.
2016-8-8 12:46:15 [INFO] A user has disconnected from the site.
2016-8-8 12:46:15 [INFO] A user has connected to the site.
2016-8-8 12:46:29 [INFO] A user has disconnected from the site.
2016-8-8 12:46:29 [INFO] A user has connected to the site.
2016-8-8 12:46:44 [INFO] A user has disconnected from the site.
2016-8-8 12:46:44 [INFO] A user has connected to the site.
2016-8-8 12:46:50 [INFO] A user has disconnected from the site.
2016-8-8 12:46:50 [INFO] A user has connected to the site.
2016-8-8 12:46:51 [INFO] A user has disconnected from the site.
2016-8-8 12:46:51 [INFO] A user has connected to the site.
2016-8-8 12:46:51 [INFO] A user has disconnected from the site.
2016-8-8 12:46:51 [INFO] A user has connected to the site.
2016-8-8 12:46:51 [INFO] A user has disconnected from the site.
2016-8-8 12:46:51 [INFO] A user has connected to the site.
2016-8-8 12:46:51 [INFO] A user has connected to the site.
2016-8-8 12:46:51 [INFO] A user has disconnected from the site.
2016-8-8 12:46:52 [INFO] A user has disconnected from the site.
2016-8-8 12:46:52 [INFO] A user has connected to the site.
2016-8-8 12:47:14 [INFO] A user has disconnected from the site.
2016-8-8 12:47:14 [INFO] A user has connected to the site.
2016-8-8 12:47:15 [INFO] A user has disconnected from the site.
2016-8-8 12:47:15 [INFO] A user has connected to the site.
2016-8-8 12:47:15 [INFO] A user has disconnected from the site.
2016-8-8 12:47:15 [INFO] A user has connected to the site.
2016-8-8 12:47:15 [INFO] A user has disconnected from the site.
2016-8-8 12:47:15 [INFO] A user has connected to the site.
2016-8-8 12:47:41 [INFO] A user has disconnected from the site.
2016-8-8 12:47:41 [INFO] A user has connected to the site.
2016-8-8 12:47:42 [INFO] A user has disconnected from the site.
2016-8-8 12:47:42 [INFO] A user has connected to the site.
2016-8-8 12:47:42 [INFO] A user has disconnected from the site.
2016-8-8 12:47:42 [INFO] A user has connected to the site.
2016-8-8 12:47:42 [INFO] A user has disconnected from the site.
2016-8-8 12:47:42 [INFO] A user has connected to the site.
2016-8-8 12:47:42 [INFO] A user has disconnected from the site.
2016-8-8 12:47:42 [INFO] A user has connected to the site.
2016-8-8 12:47:42 [INFO] A user has disconnected from the site.
2016-8-8 12:47:42 [INFO] A user has connected to the site.
2016-8-8 12:52:17 [INFO] A user has disconnected from the site.
2016-8-8 12:52:17 [INFO] A user has connected to the site.
2016-8-8 12:52:18 [INFO] A user has disconnected from the site.
2016-8-8 12:52:18 [INFO] A user has connected to the site.
2016-8-8 12:52:18 [INFO] A user has disconnected from the site.
2016-8-8 12:52:18 [INFO] A user has connected to the site.
2016-8-8 12:52:18 [INFO] A user has disconnected from the site.
2016-8-8 12:52:18 [INFO] A user has connected to the site.
2016-8-8 12:52:29 [INFO] A user has disconnected from the site.
2016-8-8 12:52:29 [INFO] A user has connected to the site.
2016-8-8 12:52:30 [INFO] A user has disconnected from the site.
2016-8-8 12:52:30 [INFO] A user has connected to the site.
2016-8-8 12:52:30 [INFO] A user has disconnected from the site.
2016-8-8 12:52:30 [INFO] A user has connected to the site.
2016-8-8 12:52:30 [INFO] A user has disconnected from the site.
2016-8-8 12:52:30 [INFO] A user has connected to the site.
2016-8-8 12:52:31 [INFO] A user has disconnected from the site.
2016-8-8 12:52:31 [INFO] A user has connected to the site.
2016-8-8 12:52:31 [INFO] A user has disconnected from the site.
2016-8-8 12:52:31 [INFO] A user has connected to the site.
2016-8-8 12:52:31 [INFO] A user has disconnected from the site.
2016-8-8 12:52:31 [INFO] A user has connected to the site.
2016-8-8 12:52:46 [INFO] A user has disconnected from the site.
2016-8-8 12:52:46 [INFO] A user has connected to the site.
2016-8-8 12:52:47 [INFO] A user has disconnected from the site.
2016-8-8 12:52:47 [INFO] A user has connected to the site.
2016-8-8 12:52:47 [INFO] A user has disconnected from the site.
2016-8-8 12:52:47 [INFO] A user has connected to the site.
2016-8-8 12:52:47 [INFO] A user has disconnected from the site.
2016-8-8 12:52:47 [INFO] A user has connected to the site.
2016-8-8 12:52:47 [INFO] A user has disconnected from the site.
2016-8-8 12:52:47 [INFO] A user has connected to the site.
2016-8-8 12:53:17 [INFO] A user has disconnected from the site.
2016-8-8 12:53:17 [INFO] A user has connected to the site.
2016-8-8 12:53:18 [INFO] A user has disconnected from the site.
2016-8-8 12:53:18 [INFO] A user has connected to the site.
2016-8-8 12:53:18 [INFO] A user has disconnected from the site.
2016-8-8 12:53:18 [INFO] A user has connected to the site.
2016-8-8 12:53:28 [INFO] A user has disconnected from the site.
2016-8-8 12:53:28 [INFO] A user has connected to the site.
2016-8-8 12:53:34 [INFO] A user has disconnected from the site.
2016-8-8 12:53:34 [INFO] A user has connected to the site.
2016-8-8 12:53:35 [INFO] A user has disconnected from the site.
2016-8-8 12:53:35 [INFO] A user has connected to the site.
2016-8-8 12:53:35 [INFO] A user has disconnected from the site.
2016-8-8 12:53:35 [INFO] A user has connected to the site.
2016-8-8 12:53:35 [INFO] A user has disconnected from the site.
2016-8-8 12:53:35 [INFO] A user has connected to the site.
2016-8-8 12:53:35 [INFO] A user has disconnected from the site.
2016-8-8 12:53:35 [INFO] A user has connected to the site.
2016-8-8 12:53:36 [INFO] A user has disconnected from the site.
2016-8-8 12:53:36 [INFO] A user has connected to the site.
2016-8-8 12:53:36 [INFO] A user has disconnected from the site.
2016-8-8 12:53:36 [INFO] A user has connected to the site.
2016-8-8 12:53:36 [INFO] A user has disconnected from the site.
2016-8-8 12:53:36 [INFO] A user has connected to the site.
2016-8-8 12:53:50 [INFO] A user has disconnected from the site.
2016-8-8 12:53:50 [INFO] A user has connected to the site.
2016-8-8 12:53:51 [INFO] A user has disconnected from the site.
2016-8-8 12:53:51 [INFO] A user has connected to the site.
2016-8-8 12:53:51 [INFO] A user has disconnected from the site.
2016-8-8 12:53:51 [INFO] A user has connected to the site.
2016-8-8 12:53:51 [INFO] A user has disconnected from the site.
2016-8-8 12:53:51 [INFO] A user has connected to the site.
2016-8-8 12:53:51 [INFO] A user has disconnected from the site.
2016-8-8 12:53:51 [INFO] A user has connected to the site.
2016-8-8 12:54:03 [INFO] A user has disconnected from the site.
2016-8-8 12:54:03 [INFO] A user has connected to the site.
2016-8-8 12:54:14 [INFO] A user has disconnected from the site.
2016-8-8 12:54:14 [INFO] A user has connected to the site.
2016-8-8 12:54:14 [INFO] A user has disconnected from the site.
2016-8-8 12:54:14 [INFO] A user has connected to the site.
2016-8-8 12:54:14 [INFO] A user has disconnected from the site.
2016-8-8 12:54:14 [INFO] A user has connected to the site.
2016-8-8 12:54:14 [INFO] A user has disconnected from the site.
2016-8-8 12:54:15 [INFO] A user has connected to the site.
2016-8-8 12:55:48 [INFO] A user has disconnected from the site.
2016-8-8 12:55:49 [INFO] A user has connected to the site.
2016-8-8 12:55:50 [INFO] A user has disconnected from the site.
2016-8-8 12:55:50 [INFO] A user has connected to the site.
2016-8-8 12:55:50 [INFO] A user has disconnected from the site.
2016-8-8 12:55:50 [INFO] A user has connected to the site.
2016-8-8 12:55:50 [INFO] A user has disconnected from the site.
2016-8-8 12:55:50 [INFO] A user has connected to the site.
2016-8-8 12:55:50 [INFO] A user has disconnected from the site.
2016-8-8 12:55:50 [INFO] A user has connected to the site.
2016-8-8 12:55:50 [INFO] A user has disconnected from the site.
2016-8-8 12:55:50 [INFO] A user has connected to the site.
2016-8-8 12:55:50 [INFO] A user has disconnected from the site.
2016-8-8 12:55:50 [INFO] A user has connected to the site.
2016-8-8 12:56:04 [INFO] A user has disconnected from the site.
2016-8-8 12:56:04 [INFO] A user has connected to the site.
2016-8-8 12:56:30 [INFO] A user has disconnected from the site.
2016-8-8 12:56:31 [INFO] A user has connected to the site.
2016-8-8 12:56:58 [INFO] A user has disconnected from the site.
2016-8-8 12:56:58 [INFO] A user has connected to the site.
2016-8-8 12:56:58 [INFO] A user has disconnected from the site.
2016-8-8 12:56:59 [INFO] A user has connected to the site.
2016-8-8 12:56:59 [INFO] A user has disconnected from the site.
2016-8-8 12:56:59 [INFO] A user has connected to the site.
2016-8-8 12:56:59 [INFO] A user has disconnected from the site.
2016-8-8 12:56:59 [INFO] A user has connected to the site.
2016-8-8 12:56:59 [INFO] A user has disconnected from the site.
2016-8-8 12:56:59 [INFO] A user has connected to the site.
2016-8-8 12:56:59 [INFO] A user has disconnected from the site.
2016-8-8 12:56:59 [INFO] A user has connected to the site.
2016-8-8 12:57:01 [INFO] A user has disconnected from the site.
2016-8-8 12:57:01 [INFO] A user has connected to the site.
2016-8-8 12:57:03 [INFO] A user has disconnected from the site.
2016-8-8 12:57:03 [INFO] A user has connected to the site.
2016-8-8 12:57:03 [INFO] A user has disconnected from the site.
2016-8-8 12:57:03 [INFO] A user has connected to the site.
2016-8-8 12:57:33 [INFO] A user has disconnected from the site.
2016-8-8 12:57:33 [INFO] A user has connected to the site.
2016-8-8 12:57:34 [INFO] A user has disconnected from the site.
2016-8-8 12:57:34 [INFO] A user has connected to the site.
2016-8-8 12:57:34 [INFO] A user has disconnected from the site.
2016-8-8 12:57:34 [INFO] A user has connected to the site.
2016-8-8 12:58:05 [INFO] A user has disconnected from the site.
2016-8-8 12:58:06 [INFO] A user has connected to the site.
2016-8-8 12:58:23 [INFO] A user has disconnected from the site.
2016-8-8 12:58:24 [INFO] A user has connected to the site.
2016-8-8 12:58:24 [INFO] A user has disconnected from the site.
2016-8-8 12:58:24 [INFO] A user has connected to the site.
2016-8-8 12:58:24 [INFO] A user has disconnected from the site.
2016-8-8 12:58:24 [INFO] A user has connected to the site.
2016-8-8 12:58:24 [INFO] A user has disconnected from the site.
2016-8-8 12:58:24 [INFO] A user has connected to the site.
2016-8-8 12:58:30 [INFO] A user has disconnected from the site.
2016-8-8 12:58:30 [INFO] A user has connected to the site.
2016-8-8 12:58:30 [INFO] A user has disconnected from the site.
2016-8-8 12:58:30 [INFO] A user has connected to the site.
2016-8-8 12:58:30 [INFO] A user has disconnected from the site.
2016-8-8 12:58:30 [INFO] A user has connected to the site.
2016-8-8 12:58:30 [INFO] A user has connected to the site.
2016-8-8 12:58:35 [INFO] A user has disconnected from the site.
2016-8-8 12:58:35 [INFO] A user has connected to the site.
2016-8-8 12:58:35 [INFO] A user has disconnected from the site.
2016-8-8 12:58:35 [INFO] A user has connected to the site.
2016-8-8 12:58:36 [INFO] A user has disconnected from the site.
2016-8-8 12:58:36 [INFO] A user has connected to the site.
2016-8-8 12:58:47 [INFO] A user has disconnected from the site.
2016-8-8 12:58:47 [INFO] A user has connected to the site.
2016-8-8 12:58:48 [INFO] A user has disconnected from the site.
2016-8-8 12:58:48 [INFO] A user has connected to the site.
2016-8-8 12:59:12 [INFO] A user has disconnected from the site.
2016-8-8 12:59:12 [INFO] A user has connected to the site.
2016-8-8 12:59:13 [INFO] A user has disconnected from the site.
2016-8-8 12:59:13 [INFO] A user has connected to the site.
2016-8-8 12:59:13 [INFO] A user has disconnected from the site.
2016-8-8 12:59:13 [INFO] A user has connected to the site.
2016-8-8 12:59:13 [INFO] A user has disconnected from the site.
2016-8-8 12:59:13 [INFO] A user has connected to the site.
2016-8-8 12:59:20 [INFO] A user has disconnected from the site.
2016-8-8 12:59:20 [INFO] A user has connected to the site.
2016-8-8 12:59:29 [INFO] A user has disconnected from the site.
2016-8-8 12:59:29 [INFO] A user has connected to the site.
2016-8-8 12:59:44 [INFO] A user has disconnected from the site.
2016-8-8 12:59:45 [INFO] A user has connected to the site.
2016-8-8 12:59:53 [INFO] A user has disconnected from the site.
2016-8-8 12:59:53 [INFO] A user has connected to the site.
2016-8-8 12:59:54 [INFO] A user has disconnected from the site.
2016-8-8 12:59:54 [INFO] A user has connected to the site.
2016-8-8 12:59:55 [INFO] A user has disconnected from the site.
2016-8-8 13:00:26 [INFO] A user has disconnected from the site.
2016-8-8 13:00:27 [INFO] A user has connected to the site.
2016-8-8 13:01:30 [INFO] A user has disconnected from the site.
2016-8-8 13:01:30 [INFO] A user has connected to the site.
2016-8-8 13:01:31 [INFO] A user has disconnected from the site.
2016-8-8 13:01:31 [INFO] A user has connected to the site.
2016-8-8 13:01:31 [INFO] A user has disconnected from the site.
2016-8-8 13:01:32 [INFO] A user has connected to the site.
2016-8-8 13:01:54 [INFO] A user has disconnected from the site.
2016-8-8 13:01:54 [INFO] A user has connected to the site.
2016-8-8 13:03:23 [INFO] A user has disconnected from the site.
2016-8-8 13:03:24 [INFO] A user has connected to the site.
2016-8-8 13:03:24 [INFO] A user has disconnected from the site.
2016-8-8 13:03:24 [INFO] A user has connected to the site.
2016-8-8 13:03:25 [INFO] A user has disconnected from the site.
2016-8-8 13:03:25 [INFO] A user has connected to the site.
2016-8-8 13:03:25 [INFO] A user has disconnected from the site.
2016-8-8 13:03:25 [INFO] A user has connected to the site.
2016-8-8 13:03:25 [INFO] A user has disconnected from the site.
2016-8-8 13:03:25 [INFO] A user has connected to the site.
2016-8-8 13:03:25 [INFO] A user has disconnected from the site.
2016-8-8 13:03:25 [INFO] A user has connected to the site.
2016-8-8 13:03:38 [INFO] A user has disconnected from the site.
2016-8-8 13:03:38 [INFO] A user has connected to the site.
2016-8-8 13:03:38 [INFO] A user has disconnected from the site.
2016-8-8 13:03:38 [INFO] A user has connected to the site.
2016-8-8 13:03:38 [INFO] A user has disconnected from the site.
2016-8-8 13:03:39 [INFO] A user has connected to the site.
2016-8-8 13:03:39 [INFO] A user has disconnected from the site.
2016-8-8 13:03:39 [INFO] A user has connected to the site.
2016-8-8 13:03:39 [INFO] A user has disconnected from the site.
2016-8-8 13:03:39 [INFO] A user has connected to the site.
2016-8-8 13:03:39 [INFO] A user has disconnected from the site.
2016-8-8 13:03:39 [INFO] A user has connected to the site.
2016-8-8 13:03:39 [INFO] A user has disconnected from the site.
2016-8-8 13:03:40 [INFO] A user has connected to the site.
2016-8-8 13:03:45 [INFO] A user has disconnected from the site.
2016-8-8 13:03:45 [INFO] A user has connected to the site.
2016-8-8 13:03:46 [INFO] A user has disconnected from the site.
2016-8-8 13:03:46 [INFO] A user has connected to the site.
2016-8-8 13:03:53 [INFO] A user has disconnected from the site.
2016-8-8 13:03:53 [INFO] A user has connected to the site.
2016-8-8 13:03:56 [INFO] A user has disconnected from the site.
2016-8-8 13:03:57 [INFO] A user has connected to the site.
2016-8-8 13:06:34 [INFO] A user has disconnected from the site.
2016-8-8 13:06:34 [INFO] A user has connected to the site.
2016-8-8 13:06:35 [INFO] A user has disconnected from the site.
2016-8-8 13:06:35 [INFO] A user has connected to the site.
2016-8-8 13:06:35 [INFO] A user has disconnected from the site.
2016-8-8 13:06:35 [INFO] A user has connected to the site.
2016-8-8 13:06:35 [INFO] A user has disconnected from the site.
2016-8-8 13:06:35 [INFO] A user has connected to the site.
2016-8-8 13:06:52 [INFO] A user has disconnected from the site.
2016-8-8 13:06:52 [INFO] A user has connected to the site.
2016-8-8 13:06:53 [INFO] A user has disconnected from the site.
2016-8-8 13:06:53 [INFO] A user has connected to the site.
2016-8-8 13:06:53 [INFO] A user has disconnected from the site.
2016-8-8 13:06:53 [INFO] A user has connected to the site.
2016-8-8 13:06:53 [INFO] A user has disconnected from the site.
2016-8-8 13:06:53 [INFO] A user has connected to the site.
2016-8-8 13:07:00 [INFO] A user has disconnected from the site.
2016-8-8 13:07:00 [INFO] A user has connected to the site.
2016-8-8 13:07:01 [INFO] A user has disconnected from the site.
2016-8-8 13:07:01 [INFO] A user has connected to the site.
2016-8-8 13:07:01 [INFO] A user has disconnected from the site.
2016-8-8 13:07:01 [INFO] A user has connected to the site.
2016-8-8 13:07:01 [INFO] A user has disconnected from the site.
2016-8-8 13:07:01 [INFO] A user has connected to the site.
2016-8-8 13:07:18 [INFO] A user has disconnected from the site.
2016-8-8 13:07:18 [INFO] A user has connected to the site.
2016-8-8 13:07:18 [INFO] A user has disconnected from the site.
2016-8-8 13:07:19 [INFO] A user has connected to the site.
2016-8-8 13:07:19 [INFO] A user has disconnected from the site.
2016-8-8 13:07:19 [INFO] A user has connected to the site.
2016-8-8 13:07:25 [INFO] A user has disconnected from the site.
2016-8-8 13:07:25 [INFO] A user has connected to the site.
2016-8-8 13:07:25 [INFO] A user has disconnected from the site.
2016-8-8 13:07:25 [INFO] A user has connected to the site.
2016-8-8 13:07:25 [INFO] A user has disconnected from the site.
2016-8-8 13:07:26 [INFO] A user has connected to the site.
2016-8-8 13:07:26 [INFO] A user has disconnected from the site.
2016-8-8 13:07:26 [INFO] A user has connected to the site.
2016-8-8 13:07:26 [INFO] A user has disconnected from the site.
2016-8-8 13:07:26 [INFO] A user has connected to the site.
2016-8-8 13:07:26 [INFO] A user has disconnected from the site.
2016-8-8 13:07:26 [INFO] A user has connected to the site.
2016-8-8 13:07:27 [INFO] A user has disconnected from the site.
2016-8-8 13:07:27 [INFO] A user has connected to the site.
2016-8-8 13:07:27 [INFO] A user has disconnected from the site.
2016-8-8 13:07:27 [INFO] A user has connected to the site.
2016-8-8 13:07:27 [INFO] A user has disconnected from the site.
2016-8-8 13:07:27 [INFO] A user has connected to the site.
2016-8-8 13:07:49 [INFO] A user has disconnected from the site.
2016-8-8 13:07:49 [INFO] A user has connected to the site.
2016-8-8 13:08:11 [INFO] A user has disconnected from the site.
2016-8-8 13:08:12 [INFO] A user has connected to the site.
2016-8-8 13:08:23 [INFO] A user has disconnected from the site.
2016-8-8 13:08:23 [INFO] A user has connected to the site.
2016-8-8 13:08:23 [INFO] A user has disconnected from the site.
2016-8-8 13:08:23 [INFO] A user has connected to the site.
2016-8-8 13:08:23 [INFO] A user has disconnected from the site.
2016-8-8 13:08:23 [INFO] A user has connected to the site.
2016-8-8 13:08:58 [INFO] A user has disconnected from the site.
2016-8-8 13:08:58 [INFO] A user has connected to the site.
2016-8-8 13:08:58 [INFO] A user has disconnected from the site.
2016-8-8 13:08:58 [INFO] A user has connected to the site.
2016-8-8 13:08:58 [INFO] A user has disconnected from the site.
2016-8-8 13:08:59 [INFO] A user has connected to the site.
2016-8-8 13:08:59 [INFO] A user has disconnected from the site.
2016-8-8 13:08:59 [INFO] A user has connected to the site.
2016-8-8 13:12:05 [INFO] A user has disconnected from the site.
2016-8-8 13:12:05 [INFO] A user has connected to the site.
2016-8-8 13:12:06 [INFO] A user has disconnected from the site.
2016-8-8 13:12:06 [INFO] A user has connected to the site.
2016-8-8 13:12:06 [INFO] A user has disconnected from the site.
2016-8-8 13:12:06 [INFO] A user has connected to the site.
2016-8-8 13:12:06 [INFO] A user has disconnected from the site.
2016-8-8 13:12:06 [INFO] A user has connected to the site.
2016-8-8 13:12:06 [INFO] A user has disconnected from the site.
2016-8-8 13:12:06 [INFO] A user has connected to the site.
2016-8-8 13:12:06 [INFO] A user has disconnected from the site.
2016-8-8 13:12:07 [INFO] A user has connected to the site.
2016-8-8 13:12:07 [INFO] A user has disconnected from the site.
2016-8-8 13:12:07 [INFO] A user has connected to the site.
2016-8-8 13:12:20 [INFO] A user has disconnected from the site.
2016-8-8 13:12:21 [INFO] A user has connected to the site.
2016-8-8 13:12:21 [INFO] A user has disconnected from the site.
2016-8-8 13:12:21 [INFO] A user has connected to the site.
2016-8-8 13:12:21 [INFO] A user has disconnected from the site.
2016-8-8 13:12:21 [INFO] A user has connected to the site.
2016-8-8 13:12:21 [INFO] A user has disconnected from the site.
2016-8-8 13:12:21 [INFO] A user has connected to the site.
2016-8-8 13:12:22 [INFO] A user has disconnected from the site.
2016-8-8 13:12:22 [INFO] A user has connected to the site.
2016-8-8 13:12:22 [INFO] A user has disconnected from the site.
2016-8-8 13:12:22 [INFO] A user has connected to the site.
2016-8-8 13:12:28 [INFO] A user has disconnected from the site.
2016-8-8 13:12:28 [INFO] A user has connected to the site.
2016-8-8 13:12:28 [INFO] A user has disconnected from the site.
2016-8-8 13:12:28 [INFO] A user has connected to the site.
2016-8-8 13:12:28 [INFO] A user has disconnected from the site.
2016-8-8 13:12:28 [INFO] A user has connected to the site.
2016-8-8 13:12:28 [INFO] A user has disconnected from the site.
2016-8-8 13:12:29 [INFO] A user has connected to the site.
2016-8-8 13:12:44 [INFO] A user has disconnected from the site.
2016-8-8 13:12:44 [INFO] A user has connected to the site.
2016-8-8 13:12:44 [INFO] A user has disconnected from the site.
2016-8-8 13:12:45 [INFO] A user has connected to the site.
2016-8-8 13:12:45 [INFO] A user has disconnected from the site.
2016-8-8 13:12:45 [INFO] A user has connected to the site.
2016-8-8 13:12:45 [INFO] A user has disconnected from the site.
2016-8-8 13:12:45 [INFO] A user has connected to the site.
2016-8-8 13:12:45 [INFO] A user has disconnected from the site.
2016-8-8 13:12:45 [INFO] A user has connected to the site.
2016-8-8 13:13:04 [INFO] A user has disconnected from the site.
2016-8-8 13:13:04 [INFO] A user has connected to the site.
2016-8-8 13:13:05 [INFO] A user has disconnected from the site.
2016-8-8 13:13:05 [INFO] A user has connected to the site.
2016-8-8 13:13:05 [INFO] A user has disconnected from the site.
2016-8-8 13:13:05 [INFO] A user has connected to the site.
2016-8-8 13:13:05 [INFO] A user has disconnected from the site.
2016-8-8 13:13:05 [INFO] A user has connected to the site.
2016-8-8 13:13:05 [INFO] A user has disconnected from the site.
2016-8-8 13:13:05 [INFO] A user has connected to the site.
2016-8-8 13:20:52 [INFO] A user has disconnected from the site.
2016-8-8 13:20:52 [INFO] A user has connected to the site.
2016-8-8 13:21:08 [INFO] A user has disconnected from the site.
2016-8-8 13:21:08 [INFO] A user has connected to the site.
2016-8-8 13:21:08 [INFO] A user has disconnected from the site.
2016-8-8 13:21:08 [INFO] A user has connected to the site.
2016-8-8 13:21:09 [INFO] A user has disconnected from the site.
2016-8-8 13:21:09 [INFO] A user has connected to the site.
2016-8-8 13:21:09 [INFO] A user has disconnected from the site.
2016-8-8 13:21:09 [INFO] A user has connected to the site.
2016-8-8 13:21:09 [INFO] A user has disconnected from the site.
2016-8-8 13:21:09 [INFO] A user has connected to the site.
2016-8-8 13:21:31 [INFO] A user has disconnected from the site.
2016-8-8 13:21:31 [INFO] A user has connected to the site.
2016-8-8 13:21:32 [INFO] A user has disconnected from the site.
2016-8-8 13:21:32 [INFO] A user has connected to the site.
2016-8-8 13:21:32 [INFO] A user has disconnected from the site.
2016-8-8 13:21:32 [INFO] A user has connected to the site.
2016-8-8 13:21:32 [INFO] A user has disconnected from the site.
2016-8-8 13:21:32 [INFO] A user has connected to the site.
2016-8-8 13:23:04 [INFO] A user has disconnected from the site.
2016-8-8 13:23:04 [INFO] A user has connected to the site.
2016-8-8 13:23:22 [INFO] A user has disconnected from the site.
2016-8-8 13:23:22 [INFO] A user has connected to the site.
2016-8-8 13:23:44 [INFO] A user has disconnected from the site.
2016-8-8 13:23:44 [INFO] A user has connected to the site.
2016-8-8 13:23:52 [INFO] A user has disconnected from the site.
2016-8-8 13:23:52 [INFO] A user has connected to the site.
2016-8-8 13:25:14 [INFO] A user has disconnected from the site.
2016-8-8 13:25:14 [INFO] A user has connected to the site.
2016-8-8 13:25:26 [INFO] A user has disconnected from the site.
2016-8-8 13:25:26 [INFO] A user has connected to the site.
2016-8-8 13:26:06 [INFO] A user has disconnected from the site.
2016-8-8 13:26:06 [INFO] A user has connected to the site.
2016-8-8 13:26:37 [INFO] A user has disconnected from the site.
2016-8-8 13:26:37 [INFO] A user has connected to the site.
2016-8-8 13:29:42 [INFO] A user has disconnected from the site.
2016-8-8 13:29:43 [INFO] A user has connected to the site.
2016-8-8 13:30:50 [INFO] A user has disconnected from the site.
2016-8-8 13:30:50 [INFO] A user has connected to the site.
2016-8-8 13:31:01 [INFO] A user has disconnected from the site.
2016-8-8 13:31:01 [INFO] A user has connected to the site.
2016-8-8 13:32:13 [INFO] A user has disconnected from the site.
2016-8-8 13:32:13 [INFO] A user has connected to the site.
2016-8-8 13:32:13 [INFO] A user has disconnected from the site.
2016-8-8 13:32:14 [INFO] A user has connected to the site.
2016-8-8 13:32:14 [INFO] A user has disconnected from the site.
2016-8-8 13:32:14 [INFO] A user has connected to the site.
2016-8-8 13:33:11 [INFO] A user has disconnected from the site.
2016-8-8 13:33:11 [INFO] A user has connected to the site.
2016-8-8 13:33:11 [INFO] A user has disconnected from the site.
2016-8-8 13:33:11 [INFO] A user has connected to the site.
2016-8-8 13:33:11 [INFO] A user has disconnected from the site.
2016-8-8 13:33:11 [INFO] A user has connected to the site.
2016-8-8 13:33:12 [INFO] A user has disconnected from the site.
2016-8-8 13:33:12 [INFO] A user has connected to the site.
2016-8-8 13:33:12 [INFO] A user has connected to the site.
2016-8-8 13:33:24 [INFO] A user has disconnected from the site.
2016-8-8 13:33:24 [INFO] A user has connected to the site.
2016-8-8 13:33:25 [INFO] A user has disconnected from the site.
2016-8-8 13:33:25 [INFO] A user has connected to the site.
2016-8-8 13:33:25 [INFO] A user has disconnected from the site.
2016-8-8 13:33:25 [INFO] A user has connected to the site.
2016-8-8 13:33:44 [INFO] A user has disconnected from the site.
2016-8-8 13:33:44 [INFO] A user has connected to the site.
2016-8-8 13:34:37 [INFO] A user has disconnected from the site.
2016-8-8 13:34:39 [INFO] A user has disconnected from the site.
2016-8-8 13:34:40 [INFO] A user has connected to the site.
2016-8-8 13:35:25 [INFO] A user has disconnected from the site.
2016-8-8 13:35:25 [INFO] A user has connected to the site.
2016-8-8 13:35:25 [INFO] A user has disconnected from the site.
2016-8-8 13:35:25 [INFO] A user has connected to the site.
2016-8-8 13:35:38 [INFO] A user has disconnected from the site.
2016-8-8 13:35:38 [INFO] A user has connected to the site.
2016-8-8 13:35:38 [INFO] A user has disconnected from the site.
2016-8-8 13:35:38 [INFO] A user has connected to the site.
2016-8-8 13:35:38 [INFO] A user has disconnected from the site.
2016-8-8 13:35:38 [INFO] A user has connected to the site.
2016-8-8 13:35:39 [INFO] A user has disconnected from the site.
2016-8-8 13:35:39 [INFO] A user has connected to the site.
2016-8-8 13:36:19 [INFO] A user has disconnected from the site.
2016-8-8 13:36:19 [INFO] A user has connected to the site.
2016-8-8 13:36:20 [INFO] A user has disconnected from the site.
2016-8-8 13:36:20 [INFO] A user has connected to the site.
2016-8-8 13:36:20 [INFO] A user has disconnected from the site.
2016-8-8 13:36:20 [INFO] A user has connected to the site.
2016-8-8 13:36:20 [INFO] A user has disconnected from the site.
2016-8-8 13:36:20 [INFO] A user has connected to the site.
2016-8-8 13:40:26 [INFO] The application for jwpaisley.com has restarted.
2016-8-8 13:41:02 [INFO] A user has connected to the site.
2016-8-8 13:41:04 [INFO] A user has disconnected from the site.
2016-8-8 13:41:04 [INFO] A user has connected to the site.
2016-8-8 13:41:15 [INFO] A user has disconnected from the site.
2016-8-8 13:41:25 [INFO] A user has connected to the site.
2016-8-8 13:41:28 [INFO] A user has disconnected from the site.
2016-8-8 13:41:28 [INFO] A user has connected to the site.
2016-8-8 14:41:22 [INFO] A user has disconnected from the site.
